Rank 81 sample 1 f = 1.920074e+03
Rank 81 local min = 1.920074e+03
Rank 82 sample 1 f = 2.112598e+03
Rank 82 local min = 2.112598e+03
Rank 83 sample 1 f = 1.737957e+03
Rank 83 local min = 1.737957e+03
Rank 84 sample 1 f = 2.279221e+03
Rank 84 local min = 2.279221e+03
Rank 85 sample 1 f = 2.175502e+03
Rank 85 local min = 2.175502e+03
Rank 86 sample 1 f = 1.956849e+03
Rank 86 local min = 1.956849e+03
Rank 87 sample 1 f = 2.051810e+03
Rank 87 local min = 2.051810e+03
Rank 88 sample 1 f = 2.297361e+03
Rank 88 local min = 2.297361e+03
Rank 89 sample 1 f = 1.915325e+03
Rank 89 local min = 1.915325e+03
Rank 90 sample 1 f = 1.862952e+03
Rank 90 local min = 1.862952e+03
Rank 91 sample 1 f = 2.105014e+03
Rank 91 local min = 2.105014e+03
Rank 93 sample 1 f = 1.820487e+03
Rank 93 local min = 1.820487e+03
Rank 94 sample 1 f = 2.056314e+03
Rank 94 local min = 2.056314e+03
Rank 95 sample 1 f = 1.969303e+03
Rank 95 local min = 1.969303e+03
Rank 96 sample 1 f = 1.925711e+03
Rank 96 local min = 1.925711e+03
Rank 98 sample 1 f = 1.859815e+03
Rank 98 local min = 1.859815e+03
Rank 99 sample 1 f = 1.971027e+03
Rank 99 local min = 1.971027e+03
Rank 100 sample 1 f = 2.183071e+03
Rank 100 local min = 2.183071e+03
Rank 102 sample 1 f = 2.027755e+03
Rank 102 local min = 2.027755e+03
Rank 105 sample 1 f = 1.703665e+03
Rank 105 local min = 1.703665e+03
Rank 106 sample 1 f = 1.726215e+03
Rank 106 local min = 1.726215e+03
Rank 107 sample 1 f = 1.966834e+03
Rank 107 local min = 1.966834e+03
Rank 112 sample 1 f = 2.070191e+03
Rank 112 local min = 2.070191e+03
Rank 113 sample 1 f = 2.459827e+03
Rank 113 local min = 2.459827e+03
Rank 114 sample 1 f = 1.974200e+03
Rank 114 local min = 1.974200e+03
Rank 115 sample 1 f = 1.947826e+03
Rank 115 local min = 1.947826e+03
Rank 116 sample 1 f = 1.562622e+03
Rank 116 local min = 1.562622e+03
Rank 117 sample 1 f = 2.563460e+03
Rank 117 local min = 2.563460e+03
Rank 122 sample 1 f = 1.846205e+03
Rank 122 local min = 1.846205e+03
Rank 123 sample 1 f = 2.117885e+03
Rank 123 local min = 2.117885e+03
Rank 3 sample 1 f = 1.707533e+03
Rank 3 local min = 1.707533e+03
Rank 16 sample 1 f = 2.357426e+03
Rank 16 local min = 2.357426e+03
Rank 24 sample 1 f = 2.024307e+03
Rank 24 local min = 2.024307e+03
Rank 25 sample 1 f = 2.247163e+03
Rank 25 local min = 2.247163e+03
Rank 41 sample 1 f = 2.289064e+03
Rank 41 local min = 2.289064e+03
Rank 49 sample 1 f = 2.029725e+03
Rank 49 local min = 2.029725e+03
Rank 51 sample 1 f = 1.478617e+03
Rank 51 local min = 1.478617e+03
Rank 57 sample 1 f = 2.279962e+03
Rank 57 local min = 2.279962e+03
Rank 58 sample 1 f = 1.439960e+03
Rank 58 local min = 1.439960e+03
Rank 65 sample 1 f = 2.289032e+03
Rank 65 local min = 2.289032e+03
Rank 67 sample 1 f = 1.833379e+03
Rank 67 local min = 1.833379e+03
Rank 68 sample 1 f = 1.936790e+03
Rank 68 local min = 1.936790e+03
Rank 72 sample 1 f = 1.544487e+03
Rank 72 local min = 1.544487e+03
Rank 73 sample 1 f = 2.146410e+03
Rank 73 local min = 2.146410e+03
Rank 74 sample 1 f = 1.642892e+03
Rank 74 local min = 1.642892e+03
Rank 75 sample 1 f = 2.240063e+03
Rank 75 local min = 2.240063e+03
Rank 76 sample 1 f = 1.777559e+03
Rank 76 local min = 1.777559e+03
Rank 77 sample 1 f = 2.026704e+03
Rank 77 local min = 2.026704e+03
Rank 124 sample 1 f = 1.680420e+03
Rank 124 local min = 1.680420e+03
Rank 125 sample 1 f = 1.344405e+03
Rank 125 local min = 1.344405e+03
Rank 126 sample 1 f = 2.021762e+03
Rank 126 local min = 2.021762e+03
Rank 127 sample 1 f = 1.849827e+03
Rank 127 local min = 1.849827e+03
Rank 0 sample 1 f = 2.548985e+03
Rank 0 local min = 2.548985e+03
Rank 1 sample 1 f = 2.545855e+03
Rank 1 local min = 2.545855e+03
Rank 2 sample 1 f = 2.016482e+03
Rank 2 local min = 2.016482e+03
Rank 4 sample 1 f = 2.012693e+03
Rank 4 local min = 2.012693e+03
Rank 5 sample 1 f = 1.658265e+03
Rank 5 local min = 1.658265e+03
Rank 6 sample 1 f = 2.030648e+03
Rank 6 local min = 2.030648e+03
Rank 7 sample 1 f = 2.355559e+03
Rank 7 local min = 2.355559e+03
Rank 9 sample 1 f = 2.039788e+03
Rank 9 local min = 2.039788e+03
Rank 10 sample 1 f = 1.719051e+03
Rank 10 local min = 1.719051e+03
Rank 11 sample 1 f = 2.126449e+03
Rank 11 local min = 2.126449e+03
Rank 12 sample 1 f = 1.616285e+03
Rank 12 local min = 1.616285e+03
Rank 13 sample 1 f = 2.195979e+03
Rank 13 local min = 2.195979e+03
Rank 17 sample 1 f = 2.155275e+03
Rank 17 local min = 2.155275e+03
Rank 20 sample 1 f = 2.421494e+03
Rank 20 local min = 2.421494e+03
Rank 22 sample 1 f = 2.158554e+03
Rank 22 local min = 2.158554e+03
Rank 23 sample 1 f = 2.015835e+03
Rank 23 local min = 2.015835e+03
Rank 26 sample 1 f = 1.835373e+03
Rank 26 local min = 1.835373e+03
Rank 27 sample 1 f = 1.679228e+03
Rank 27 local min = 1.679228e+03
Rank 28 sample 1 f = 1.728565e+03
Rank 28 local min = 1.728565e+03
Rank 29 sample 1 f = 1.719632e+03
Rank 29 local min = 1.719632e+03
Rank 30 sample 1 f = 1.973624e+03
Rank 30 local min = 1.973624e+03
Rank 32 sample 1 f = 1.319423e+03
Rank 32 local min = 1.319423e+03
Rank 33 sample 1 f = 2.393075e+03
Rank 33 local min = 2.393075e+03
Rank 34 sample 1 f = 1.895675e+03
Rank 34 local min = 1.895675e+03
Rank 35 sample 1 f = 2.192308e+03
Rank 35 local min = 2.192308e+03
Rank 36 sample 1 f = 1.519282e+03
Rank 36 local min = 1.519282e+03
Rank 37 sample 1 f = 1.804592e+03
Rank 37 local min = 1.804592e+03
Rank 38 sample 1 f = 2.091903e+03
Rank 38 local min = 2.091903e+03
Rank 39 sample 1 f = 2.417632e+03
Rank 39 local min = 2.417632e+03
Rank 40 sample 1 f = 1.680565e+03
Rank 40 local min = 1.680565e+03
Rank 42 sample 1 f = 1.944961e+03
Rank 42 local min = 1.944961e+03
Rank 43 sample 1 f = 2.029821e+03
Rank 43 local min = 2.029821e+03
Rank 44 sample 1 f = 2.058764e+03
Rank 44 local min = 2.058764e+03
Rank 45 sample 1 f = 1.927378e+03
Rank 45 local min = 1.927378e+03
Rank 46 sample 1 f = 2.091562e+03
Rank 46 local min = 2.091562e+03
Rank 47 sample 1 f = 1.120924e+03
Rank 47 local min = 1.120924e+03
Rank 48 sample 1 f = 2.406080e+03
Rank 48 local min = 2.406080e+03
Rank 50 sample 1 f = 1.601622e+03
Rank 50 local min = 1.601622e+03
Rank 52 sample 1 f = 1.701055e+03
Rank 52 local min = 1.701055e+03
Rank 53 sample 1 f = 2.057326e+03
Rank 53 local min = 2.057326e+03
Rank 54 sample 1 f = 2.430304e+03
Rank 54 local min = 2.430304e+03
Rank 55 sample 1 f = 2.416593e+03
Rank 55 local min = 2.416593e+03
Rank 56 sample 1 f = 1.707344e+03
Rank 56 local min = 1.707344e+03
Rank 59 sample 1 f = 2.546186e+03
Rank 59 local min = 2.546186e+03
Rank 60 sample 1 f = 1.999054e+03
Rank 60 local min = 1.999054e+03
Rank 61 sample 1 f = 1.776457e+03
Rank 61 local min = 1.776457e+03
Rank 62 sample 1 f = 1.829959e+03
Rank 62 local min = 1.829959e+03
Rank 63 sample 1 f = 2.313778e+03
Rank 63 local min = 2.313778e+03
Rank 64 sample 1 f = 2.307854e+03
Rank 64 local min = 2.307854e+03
Rank 69 sample 1 f = 2.409960e+03
Rank 69 local min = 2.409960e+03
Rank 70 sample 1 f = 1.845265e+03
Rank 70 local min = 1.845265e+03
Rank 71 sample 1 f = 1.695450e+03
Rank 71 local min = 1.695450e+03
Rank 78 sample 1 f = 2.106733e+03
Rank 78 local min = 2.106733e+03
Rank 79 sample 1 f = 2.204230e+03
Rank 79 local min = 2.204230e+03
Rank 80 sample 1 f = 2.206799e+03
Rank 80 local min = 2.206799e+03
Rank 92 sample 1 f = 1.190739e+03
Rank 92 local min = 1.190739e+03
Rank 101 sample 1 f = 1.776383e+03
Rank 101 local min = 1.776383e+03
Rank 103 sample 1 f = 2.242726e+03
Rank 103 local min = 2.242726e+03
Rank 104 sample 1 f = 2.237951e+03
Rank 104 local min = 2.237951e+03
Rank 108 sample 1 f = 2.442266e+03
Rank 108 local min = 2.442266e+03
Rank 109 sample 1 f = 2.064253e+03
Rank 109 local min = 2.064253e+03
Rank 110 sample 1 f = 2.438920e+03
Rank 110 local min = 2.438920e+03
Rank 111 sample 1 f = 2.140854e+03
Rank 111 local min = 2.140854e+03
Rank 118 sample 1 f = 2.036922e+03
Rank 118 local min = 2.036922e+03
Rank 119 sample 1 f = 2.353074e+03
Rank 119 local min = 2.353074e+03
Rank 120 sample 1 f = 1.730083e+03
Rank 120 local min = 1.730083e+03
Rank 121 sample 1 f = 2.433147e+03
Rank 121 local min = 2.433147e+03
Rank 8 sample 1 f = 1.544479e+03
Rank 8 local min = 1.544479e+03
Rank 14 sample 1 f = 2.388262e+03
Rank 14 local min = 2.388262e+03
Rank 15 sample 1 f = 2.764839e+03
Rank 15 local min = 2.764839e+03
Rank 18 sample 1 f = 1.583720e+03
Rank 18 local min = 1.583720e+03
Rank 19 sample 1 f = 1.825087e+03
Rank 19 local min = 1.825087e+03
Rank 21 sample 1 f = 2.066284e+03
Rank 21 local min = 2.066284e+03
Rank 31 sample 1 f = 1.856461e+03
Rank 31 local min = 1.856461e+03
Rank 66 sample 1 f = 1.689858e+03
Rank 66 local min = 1.689858e+03
Rank 97 sample 1 f = 2.501262e+03
Rank 97 local min = 2.501262e+03
Global min = 1.120924e+03
Total time     = 0.012867 s
Reduction time = 0.002545 s
