=== MPI ranks: 64 ===
Rank 35 sample 1 f = 2.289603e+03
Rank 35 sample 2 f = 1.812349e+03
Rank 35 sample 3 f = 2.318083e+03
Rank 35 sample 4 f = 1.952459e+03
Rank 35 sample 5 f = 2.264692e+03
Rank 35 sample 6 f = 1.775569e+03
Rank 35 sample 7 f = 2.033502e+03
Rank 35 sample 8 f = 2.335047e+03
Rank 35 sample 9 f = 2.040705e+03
Rank 35 sample 10 f = 2.154051e+03
Rank 35 local min = 1.775569e+03
Rank 13 sample 1 f = 2.208997e+03
Rank 13 sample 2 f = 1.805221e+03
Rank 13 sample 3 f = 2.008112e+03
Rank 13 sample 4 f = 2.080305e+03
Rank 13 sample 5 f = 1.835356e+03
Rank 13 sample 6 f = 1.871361e+03
Rank 13 sample 7 f = 2.351993e+03
Rank 13 sample 8 f = 1.510873e+03
Rank 13 sample 9 f = 1.476496e+03
Rank 13 sample 10 f = 2.286769e+03
Rank 13 local min = 1.476496e+03
Rank 33 sample 1 f = 2.222307e+03
Rank 33 sample 2 f = 2.072923e+03
Rank 33 sample 3 f = 2.264574e+03
Rank 33 sample 4 f = 1.925284e+03
Rank 33 sample 5 f = 1.439153e+03
Rank 33 sample 6 f = 1.991006e+03
Rank 33 sample 7 f = 2.207198e+03
Rank 33 sample 8 f = 2.407506e+03
Rank 33 sample 9 f = 1.992613e+03
Rank 33 sample 10 f = 1.863207e+03
Rank 33 local min = 1.439153e+03
Rank 49 sample 1 f = 1.699307e+03
Rank 49 sample 2 f = 2.391872e+03
Rank 49 sample 3 f = 2.473475e+03
Rank 49 sample 4 f = 1.699756e+03
Rank 49 sample 5 f = 1.574426e+03
Rank 49 sample 6 f = 2.168636e+03
Rank 49 sample 7 f = 2.203694e+03
Rank 49 sample 8 f = 2.269310e+03
Rank 49 sample 9 f = 1.694410e+03
Rank 49 sample 10 f = 2.511832e+03
Rank 49 local min = 1.574426e+03
Rank 7 sample 1 f = 2.274951e+03
Rank 7 sample 2 f = 1.846974e+03
Rank 7 sample 3 f = 2.257808e+03
Rank 7 sample 4 f = 1.971327e+03
Rank 7 sample 5 f = 2.119726e+03
Rank 7 sample 6 f = 1.682811e+03
Rank 7 sample 7 f = 2.229372e+03
Rank 7 sample 8 f = 2.033211e+03
Rank 7 sample 9 f = 2.168787e+03
Rank 7 sample 10 f = 2.161468e+03
Rank 7 local min = 1.682811e+03
Rank 42 sample 1 f = 2.072590e+03
Rank 42 sample 2 f = 2.044713e+03
Rank 42 sample 3 f = 2.193851e+03
Rank 42 sample 4 f = 2.160292e+03
Rank 42 sample 5 f = 2.118407e+03
Rank 42 sample 6 f = 2.203356e+03
Rank 42 sample 7 f = 2.102321e+03
Rank 42 sample 8 f = 2.017538e+03
Rank 42 sample 9 f = 2.264576e+03
Rank 42 sample 10 f = 2.405365e+03
Rank 42 local min = 2.017538e+03
Rank 45 sample 1 f = 2.078040e+03
Rank 45 sample 2 f = 1.877582e+03
Rank 45 sample 3 f = 2.244734e+03
Rank 45 sample 4 f = 1.550391e+03
Rank 45 sample 5 f = 1.880650e+03
Rank 45 sample 6 f = 1.453772e+03
Rank 45 sample 7 f = 1.767140e+03
Rank 45 sample 8 f = 1.760843e+03
Rank 45 sample 9 f = 2.258139e+03
Rank 45 sample 10 f = 2.137931e+03
Rank 45 local min = 1.453772e+03
Rank 30 sample 1 f = 2.174510e+03
Rank 30 sample 2 f = 2.209735e+03
Rank 30 sample 3 f = 1.721987e+03
Rank 30 sample 4 f = 1.927832e+03
Rank 30 sample 5 f = 2.187841e+03
Rank 30 sample 6 f = 1.889073e+03
Rank 30 sample 7 f = 1.323932e+03
Rank 30 sample 8 f = 1.456433e+03
Rank 30 sample 9 f = 2.301674e+03
Rank 30 sample 10 f = 1.711210e+03
Rank 30 local min = 1.323932e+03
Rank 52 sample 1 f = 2.111481e+03
Rank 52 sample 2 f = 2.309109e+03
Rank 52 sample 3 f = 1.968762e+03
Rank 52 sample 4 f = 2.219998e+03
Rank 52 sample 5 f = 1.898773e+03
Rank 52 sample 6 f = 1.594739e+03
Rank 52 sample 7 f = 1.898015e+03
Rank 52 sample 8 f = 2.117365e+03
Rank 52 sample 9 f = 2.013540e+03
Rank 52 sample 10 f = 2.187291e+03
Rank 52 local min = 1.594739e+03
Rank 29 sample 1 f = 1.980209e+03
Rank 29 sample 2 f = 2.055541e+03
Rank 29 sample 3 f = 1.567563e+03
Rank 29 sample 4 f = 1.505034e+03
Rank 29 sample 5 f = 1.992002e+03
Rank 29 sample 6 f = 2.016522e+03
Rank 29 sample 7 f = 2.087538e+03
Rank 29 sample 8 f = 2.385350e+03
Rank 29 sample 9 f = 1.941344e+03
Rank 29 sample 10 f = 2.164816e+03
Rank 29 local min = 1.505034e+03
Rank 25 sample 1 f = 2.018090e+03
Rank 25 sample 2 f = 2.170865e+03
Rank 25 sample 3 f = 1.623393e+03
Rank 25 sample 4 f = 2.641757e+03
Rank 25 sample 5 f = 1.272394e+03
Rank 25 sample 6 f = 2.279631e+03
Rank 25 sample 7 f = 2.196726e+03
Rank 25 sample 8 f = 2.017907e+03
Rank 25 sample 9 f = 1.949368e+03
Rank 25 sample 10 f = 2.526211e+03
Rank 25 local min = 1.272394e+03
Rank 60 sample 1 f = 1.927892e+03
Rank 60 sample 2 f = 1.497870e+03
Rank 60 sample 3 f = 2.194672e+03
Rank 60 sample 4 f = 2.010907e+03
Rank 60 sample 5 f = 1.948597e+03
Rank 60 sample 6 f = 1.478940e+03
Rank 60 sample 7 f = 2.117779e+03
Rank 60 sample 8 f = 1.721705e+03
Rank 60 sample 9 f = 2.214623e+03
Rank 60 sample 10 f = 2.166587e+03
Rank 60 local min = 1.478940e+03
Rank 58 sample 1 f = 1.793105e+03
Rank 58 sample 2 f = 1.819550e+03
Rank 58 sample 3 f = 1.803746e+03
Rank 58 sample 4 f = 1.684283e+03
Rank 58 sample 5 f = 2.161809e+03
Rank 58 sample 6 f = 2.234510e+03
Rank 58 sample 7 f = 2.491635e+03
Rank 58 sample 8 f = 1.986278e+03
Rank 58 sample 9 f = 1.958163e+03
Rank 58 sample 10 f = 1.877431e+03
Rank 58 local min = 1.684283e+03
Rank 31 sample 1 f = 1.911477e+03
Rank 31 sample 2 f = 2.472130e+03
Rank 31 sample 3 f = 2.010391e+03
Rank 31 sample 4 f = 1.493374e+03
Rank 31 sample 5 f = 2.199705e+03
Rank 31 sample 6 f = 2.147838e+03
Rank 31 sample 7 f = 2.269500e+03
Rank 31 sample 8 f = 2.250967e+03
Rank 31 sample 9 f = 2.135942e+03
Rank 31 sample 10 f = 2.022910e+03
Rank 31 local min = 1.493374e+03
Rank 53 sample 1 f = 2.259960e+03
Rank 53 sample 2 f = 1.944659e+03
Rank 53 sample 3 f = 2.092318e+03
Rank 53 sample 4 f = 2.108059e+03
Rank 53 sample 5 f = 1.803674e+03
Rank 53 sample 6 f = 2.280941e+03
Rank 53 sample 7 f = 2.152361e+03
Rank 53 sample 8 f = 1.848563e+03
Rank 53 sample 9 f = 1.854603e+03
Rank 53 sample 10 f = 1.601922e+03
Rank 53 local min = 1.601922e+03
Rank 46 sample 1 f = 1.982774e+03
Rank 46 sample 2 f = 2.024952e+03
Rank 46 sample 3 f = 1.835977e+03
Rank 46 sample 4 f = 2.574524e+03
Rank 46 sample 5 f = 1.999161e+03
Rank 46 sample 6 f = 2.129403e+03
Rank 46 sample 7 f = 2.414223e+03
Rank 46 sample 8 f = 1.528270e+03
Rank 46 sample 9 f = 2.626221e+03
Rank 46 sample 10 f = 1.949283e+03
Rank 46 local min = 1.528270e+03
Rank 1 sample 1 f = 1.934287e+03
Rank 1 sample 2 f = 2.117486e+03
Rank 1 sample 3 f = 2.119838e+03
Rank 1 sample 4 f = 1.958991e+03
Rank 1 sample 5 f = 1.685628e+03
Rank 1 sample 6 f = 1.759212e+03
Rank 1 sample 7 f = 2.014750e+03
Rank 1 sample 8 f = 1.516679e+03
Rank 1 sample 9 f = 2.078145e+03
Rank 1 sample 10 f = 1.666796e+03
Rank 1 local min = 1.516679e+03
Rank 47 sample 1 f = 1.922701e+03
Rank 47 sample 2 f = 1.537040e+03
Rank 47 sample 3 f = 2.195631e+03
Rank 47 sample 4 f = 2.128335e+03
Rank 47 sample 5 f = 1.609157e+03
Rank 47 sample 6 f = 1.679638e+03
Rank 47 sample 7 f = 1.796069e+03
Rank 47 sample 8 f = 2.277765e+03
Rank 47 sample 9 f = 1.973325e+03
Rank 47 sample 10 f = 1.785915e+03
Rank 47 local min = 1.537040e+03
Rank 22 sample 1 f = 1.884699e+03
Rank 22 sample 2 f = 2.225302e+03
Rank 22 sample 3 f = 2.302164e+03
Rank 22 sample 4 f = 1.350330e+03
Rank 22 sample 5 f = 1.619404e+03
Rank 22 sample 6 f = 1.623292e+03
Rank 22 sample 7 f = 2.746760e+03
Rank 22 sample 8 f = 2.120443e+03
Rank 22 sample 9 f = 1.668528e+03
Rank 22 sample 10 f = 2.449587e+03
Rank 22 local min = 1.350330e+03
Rank 4 sample 1 f = 2.355942e+03
Rank 4 sample 2 f = 1.737086e+03
Rank 4 sample 3 f = 2.194558e+03
Rank 4 sample 4 f = 2.146595e+03
Rank 4 sample 5 f = 2.019619e+03
Rank 4 sample 6 f = 1.296583e+03
Rank 4 sample 7 f = 2.030354e+03
Rank 4 sample 8 f = 1.974004e+03
Rank 4 sample 9 f = 1.671417e+03
Rank 4 sample 10 f = 1.892005e+03
Rank 4 local min = 1.296583e+03
Rank 59 sample 1 f = 2.445434e+03
Rank 59 sample 2 f = 1.761397e+03
Rank 59 sample 3 f = 1.880974e+03
Rank 59 sample 4 f = 2.178747e+03
Rank 59 sample 5 f = 2.070330e+03
Rank 59 sample 6 f = 2.043587e+03
Rank 59 sample 7 f = 1.492091e+03
Rank 59 sample 8 f = 2.049554e+03
Rank 59 sample 9 f = 1.497912e+03
Rank 59 sample 10 f = 1.693733e+03
Rank 59 local min = 1.492091e+03
Rank 44 sample 1 f = 1.832353e+03
Rank 44 sample 2 f = 2.063731e+03
Rank 44 sample 3 f = 1.979797e+03
Rank 44 sample 4 f = 2.366510e+03
Rank 44 sample 5 f = 1.958340e+03
Rank 44 sample 6 f = 1.879438e+03
Rank 44 sample 7 f = 2.135649e+03
Rank 44 sample 8 f = 2.301493e+03
Rank 44 sample 9 f = 2.059593e+03
Rank 44 sample 10 f = 2.157650e+03
Rank 44 local min = 1.832353e+03
Rank 62 sample 1 f = 1.130629e+03
Rank 62 sample 2 f = 1.533039e+03
Rank 62 sample 3 f = 1.859220e+03
Rank 62 sample 4 f = 1.816869e+03
Rank 62 sample 5 f = 1.579840e+03
Rank 62 sample 6 f = 2.397450e+03
Rank 62 sample 7 f = 1.908837e+03
Rank 62 sample 8 f = 2.393348e+03
Rank 62 sample 9 f = 1.740949e+03
Rank 62 sample 10 f = 2.258079e+03
Rank 62 local min = 1.130629e+03
Rank 26 sample 1 f = 2.075010e+03
Rank 26 sample 2 f = 1.732136e+03
Rank 26 sample 3 f = 2.155164e+03
Rank 26 sample 4 f = 1.652697e+03
Rank 26 sample 5 f = 1.820328e+03
Rank 26 sample 6 f = 2.072467e+03
Rank 26 sample 7 f = 1.692901e+03
Rank 26 sample 8 f = 1.895329e+03
Rank 26 sample 9 f = 2.658936e+03
Rank 26 sample 10 f = 1.963777e+03
Rank 26 local min = 1.652697e+03
Rank 6 sample 1 f = 2.540844e+03
Rank 6 sample 2 f = 1.836783e+03
Rank 6 sample 3 f = 2.122762e+03
Rank 6 sample 4 f = 1.951225e+03
Rank 6 sample 5 f = 1.815224e+03
Rank 6 sample 6 f = 2.216733e+03
Rank 6 sample 7 f = 1.738709e+03
Rank 6 sample 8 f = 2.376254e+03
Rank 6 sample 9 f = 2.101080e+03
Rank 6 sample 10 f = 2.316088e+03
Rank 6 local min = 1.738709e+03
Rank 21 sample 1 f = 2.453754e+03
Rank 21 sample 2 f = 2.050438e+03
Rank 21 sample 3 f = 2.482062e+03
Rank 21 sample 4 f = 2.204437e+03
Rank 21 sample 5 f = 1.604916e+03
Rank 21 sample 6 f = 1.821138e+03
Rank 21 sample 7 f = 1.902055e+03
Rank 21 sample 8 f = 2.477521e+03
Rank 21 sample 9 f = 1.775176e+03
Rank 21 sample 10 f = 1.679446e+03
Rank 21 local min = 1.604916e+03
Rank 38 sample 1 f = 1.808911e+03
Rank 38 sample 2 f = 1.964890e+03
Rank 38 sample 3 f = 1.591206e+03
Rank 38 sample 4 f = 2.137027e+03
Rank 38 sample 5 f = 2.373407e+03
Rank 38 sample 6 f = 1.743288e+03
Rank 38 sample 7 f = 1.946465e+03
Rank 38 sample 8 f = 1.876060e+03
Rank 38 sample 9 f = 1.308455e+03
Rank 38 sample 10 f = 2.170172e+03
Rank 38 local min = 1.308455e+03
Rank 39 sample 1 f = 2.380774e+03
Rank 39 sample 2 f = 1.678906e+03
Rank 39 sample 3 f = 1.917803e+03
Rank 39 sample 4 f = 1.851682e+03
Rank 39 sample 5 f = 1.491605e+03
Rank 39 sample 6 f = 2.110002e+03
Rank 39 sample 7 f = 1.783245e+03
Rank 39 sample 8 f = 1.991781e+03
Rank 39 sample 9 f = 1.304724e+03
Rank 39 sample 10 f = 1.695717e+03
Rank 39 local min = 1.304724e+03
Rank 41 sample 1 f = 1.609972e+03
Rank 41 sample 2 f = 2.415495e+03
Rank 41 sample 3 f = 1.941882e+03
Rank 41 sample 4 f = 2.376663e+03
Rank 41 sample 5 f = 1.773697e+03
Rank 41 sample 6 f = 2.049334e+03
Rank 41 sample 7 f = 1.884063e+03
Rank 41 sample 8 f = 1.963467e+03
Rank 41 sample 9 f = 1.386004e+03
Rank 41 sample 10 f = 1.938713e+03
Rank 41 local min = 1.386004e+03
Rank 57 sample 1 f = 2.170750e+03
Rank 57 sample 2 f = 1.714617e+03
Rank 57 sample 3 f = 1.745209e+03
Rank 57 sample 4 f = 2.516271e+03
Rank 57 sample 5 f = 1.915932e+03
Rank 57 sample 6 f = 1.608390e+03
Rank 57 sample 7 f = 1.660717e+03
Rank 57 sample 8 f = 1.983415e+03
Rank 57 sample 9 f = 2.260930e+03
Rank 57 sample 10 f = 1.972451e+03
Rank 57 local min = 1.608390e+03
Rank 56 sample 1 f = 1.836938e+03
Rank 56 sample 2 f = 1.689614e+03
Rank 56 sample 3 f = 1.963320e+03
Rank 56 sample 4 f = 2.260219e+03
Rank 56 sample 5 f = 1.434432e+03
Rank 56 sample 6 f = 1.506055e+03
Rank 56 sample 7 f = 2.194305e+03
Rank 56 sample 8 f = 1.969105e+03
Rank 56 sample 9 f = 2.065949e+03
Rank 56 sample 10 f = 1.905821e+03
Rank 56 local min = 1.434432e+03
Rank 0 sample 1 f = 1.593186e+03
Rank 0 sample 2 f = 2.175049e+03
Rank 0 sample 3 f = 2.690321e+03
Rank 0 sample 4 f = 1.307333e+03
Rank 0 sample 5 f = 2.668942e+03
Rank 0 sample 6 f = 1.527667e+03
Rank 0 sample 7 f = 1.740210e+03
Rank 0 sample 8 f = 2.195275e+03
Rank 0 sample 9 f = 1.621181e+03
Rank 0 sample 10 f = 1.777909e+03
Rank 0 local min = 1.307333e+03
Global min = 1.130629e+03
Total time     = 0.101704 s
Reduction time = 0.007070 s
Rank 11 sample 1 f = 2.092109e+03
Rank 11 sample 2 f = 2.020089e+03
Rank 11 sample 3 f = 2.080034e+03
Rank 11 sample 4 f = 1.926851e+03
Rank 11 sample 5 f = 1.555824e+03
Rank 11 sample 6 f = 1.755611e+03
Rank 11 sample 7 f = 1.697498e+03
Rank 11 sample 8 f = 2.008900e+03
Rank 11 sample 9 f = 2.076999e+03
Rank 11 sample 10 f = 2.106119e+03
Rank 11 local min = 1.555824e+03
Rank 28 sample 1 f = 2.114757e+03
Rank 28 sample 2 f = 2.008918e+03
Rank 28 sample 3 f = 1.700371e+03
Rank 28 sample 4 f = 1.953736e+03
Rank 28 sample 5 f = 1.817241e+03
Rank 28 sample 6 f = 1.819352e+03
Rank 28 sample 7 f = 1.568582e+03
Rank 28 sample 8 f = 1.761724e+03
Rank 28 sample 9 f = 1.901172e+03
Rank 28 sample 10 f = 1.715859e+03
Rank 28 local min = 1.568582e+03
Rank 36 sample 1 f = 2.337187e+03
Rank 36 sample 2 f = 2.085896e+03
Rank 36 sample 3 f = 2.023433e+03
Rank 36 sample 4 f = 1.993818e+03
Rank 36 sample 5 f = 2.297429e+03
Rank 36 sample 6 f = 1.693935e+03
Rank 36 sample 7 f = 1.428043e+03
Rank 36 sample 8 f = 1.849991e+03
Rank 36 sample 9 f = 2.289303e+03
Rank 36 sample 10 f = 1.784200e+03
Rank 36 local min = 1.428043e+03
Rank 3 sample 1 f = 1.898984e+03
Rank 3 sample 2 f = 2.242718e+03
Rank 3 sample 3 f = 2.370646e+03
Rank 3 sample 4 f = 2.180817e+03
Rank 3 sample 5 f = 1.349466e+03
Rank 3 sample 6 f = 1.925441e+03
Rank 3 sample 7 f = 2.070573e+03
Rank 3 sample 8 f = 2.175109e+03
Rank 3 sample 9 f = 1.752427e+03
Rank 3 sample 10 f = 1.332727e+03
Rank 3 local min = 1.332727e+03
Rank 17 sample 1 f = 1.719509e+03
Rank 17 sample 2 f = 2.129221e+03
Rank 17 sample 3 f = 1.539004e+03
Rank 17 sample 4 f = 2.004780e+03
Rank 17 sample 5 f = 2.286088e+03
Rank 17 sample 6 f = 1.557742e+03
Rank 17 sample 7 f = 1.635124e+03
Rank 17 sample 8 f = 2.399434e+03
Rank 17 sample 9 f = 2.444254e+03
Rank 17 sample 10 f = 1.916778e+03
Rank 17 local min = 1.539004e+03
Rank 27 sample 1 f = 1.381509e+03
Rank 27 sample 2 f = 2.353053e+03
Rank 27 sample 3 f = 1.820524e+03
Rank 27 sample 4 f = 2.317053e+03
Rank 27 sample 5 f = 1.688013e+03
Rank 27 sample 6 f = 1.769152e+03
Rank 27 sample 7 f = 2.218032e+03
Rank 27 sample 8 f = 1.821309e+03
Rank 27 sample 9 f = 2.205310e+03
Rank 27 sample 10 f = 1.347123e+03
Rank 27 local min = 1.347123e+03
Rank 43 sample 1 f = 1.787352e+03
Rank 43 sample 2 f = 1.892030e+03
Rank 43 sample 3 f = 1.943403e+03
Rank 43 sample 4 f = 2.347030e+03
Rank 43 sample 5 f = 1.756542e+03
Rank 43 sample 6 f = 2.145911e+03
Rank 43 sample 7 f = 1.995409e+03
Rank 43 sample 8 f = 1.993194e+03
Rank 43 sample 9 f = 1.778209e+03
Rank 43 sample 10 f = 1.948502e+03
Rank 43 local min = 1.756542e+03
Rank 48 sample 1 f = 1.995476e+03
Rank 48 sample 2 f = 2.085282e+03
Rank 48 sample 3 f = 2.352235e+03
Rank 48 sample 4 f = 2.292920e+03
Rank 48 sample 5 f = 2.346957e+03
Rank 48 sample 6 f = 1.768295e+03
Rank 48 sample 7 f = 1.604540e+03
Rank 48 sample 8 f = 1.654674e+03
Rank 48 sample 9 f = 2.388885e+03
Rank 48 sample 10 f = 2.297600e+03
Rank 48 local min = 1.604540e+03
Rank 51 sample 1 f = 2.101164e+03
Rank 51 sample 2 f = 1.663434e+03
Rank 51 sample 3 f = 2.217759e+03
Rank 51 sample 4 f = 2.444033e+03
Rank 51 sample 5 f = 1.949548e+03
Rank 51 sample 6 f = 2.560990e+03
Rank 51 sample 7 f = 2.018305e+03
Rank 51 sample 8 f = 1.910793e+03
Rank 51 sample 9 f = 1.778169e+03
Rank 51 sample 10 f = 2.170530e+03
Rank 51 local min = 1.663434e+03
Rank 32 sample 1 f = 2.208045e+03
Rank 32 sample 2 f = 1.621539e+03
Rank 32 sample 3 f = 2.000966e+03
Rank 32 sample 4 f = 1.863673e+03
Rank 32 sample 5 f = 1.947877e+03
Rank 32 sample 6 f = 1.925933e+03
Rank 32 sample 7 f = 2.139883e+03
Rank 32 sample 8 f = 2.225817e+03
Rank 32 sample 9 f = 2.161429e+03
Rank 32 sample 10 f = 2.191844e+03
Rank 32 local min = 1.621539e+03
Rank 63 sample 1 f = 2.079451e+03
Rank 63 sample 2 f = 2.040892e+03
Rank 63 sample 3 f = 1.683172e+03
Rank 63 sample 4 f = 2.443825e+03
Rank 63 sample 5 f = 1.941478e+03
Rank 63 sample 6 f = 2.044832e+03
Rank 63 sample 7 f = 2.113787e+03
Rank 63 sample 8 f = 1.937844e+03
Rank 63 sample 9 f = 2.045964e+03
Rank 63 sample 10 f = 1.508774e+03
Rank 63 local min = 1.508774e+03
Rank 9 sample 1 f = 1.685785e+03
Rank 9 sample 2 f = 2.057267e+03
Rank 9 sample 3 f = 2.289741e+03
Rank 9 sample 4 f = 1.733164e+03
Rank 9 sample 5 f = 1.489735e+03
Rank 9 sample 6 f = 1.750075e+03
Rank 9 sample 7 f = 1.808720e+03
Rank 9 sample 8 f = 1.899951e+03
Rank 9 sample 9 f = 2.152053e+03
Rank 9 sample 10 f = 2.121941e+03
Rank 9 local min = 1.489735e+03
Rank 2 sample 1 f = 2.327268e+03
Rank 2 sample 2 f = 2.304920e+03
Rank 2 sample 3 f = 1.799544e+03
Rank 2 sample 4 f = 1.869707e+03
Rank 2 sample 5 f = 1.673713e+03
Rank 2 sample 6 f = 1.726195e+03
Rank 2 sample 7 f = 2.004158e+03
Rank 2 sample 8 f = 2.390814e+03
Rank 2 sample 9 f = 2.036768e+03
Rank 2 sample 10 f = 1.744447e+03
Rank 2 local min = 1.673713e+03
Rank 8 sample 1 f = 1.953006e+03
Rank 8 sample 2 f = 2.298079e+03
Rank 8 sample 3 f = 2.171277e+03
Rank 8 sample 4 f = 2.089226e+03
Rank 8 sample 5 f = 1.824829e+03
Rank 8 sample 6 f = 1.878721e+03
Rank 8 sample 7 f = 2.435674e+03
Rank 8 sample 8 f = 1.952460e+03
Rank 8 sample 9 f = 1.978657e+03
Rank 8 sample 10 f = 1.607454e+03
Rank 8 local min = 1.607454e+03
Rank 20 sample 1 f = 2.101855e+03
Rank 20 sample 2 f = 1.630621e+03
Rank 20 sample 3 f = 2.359682e+03
Rank 20 sample 4 f = 1.805793e+03
Rank 20 sample 5 f = 1.725488e+03
Rank 20 sample 6 f = 2.149172e+03
Rank 20 sample 7 f = 2.634636e+03
Rank 20 sample 8 f = 1.742790e+03
Rank 20 sample 9 f = 2.195481e+03
Rank 20 sample 10 f = 2.501505e+03
Rank 20 local min = 1.630621e+03
Rank 18 sample 1 f = 2.198600e+03
Rank 18 sample 2 f = 1.806693e+03
Rank 18 sample 3 f = 2.007502e+03
Rank 18 sample 4 f = 2.142428e+03
Rank 18 sample 5 f = 1.980682e+03
Rank 18 sample 6 f = 2.273439e+03
Rank 18 sample 7 f = 1.941741e+03
Rank 18 sample 8 f = 1.577422e+03
Rank 18 sample 9 f = 1.822461e+03
Rank 18 sample 10 f = 1.456666e+03
Rank 18 local min = 1.456666e+03
Rank 12 sample 1 f = 1.912110e+03
Rank 12 sample 2 f = 2.029565e+03
Rank 12 sample 3 f = 1.751742e+03
Rank 12 sample 4 f = 2.026798e+03
Rank 12 sample 5 f = 1.717367e+03
Rank 12 sample 6 f = 1.812234e+03
Rank 12 sample 7 f = 1.673803e+03
Rank 12 sample 8 f = 1.634425e+03
Rank 12 sample 9 f = 1.706330e+03
Rank 12 sample 10 f = 2.118835e+03
Rank 12 local min = 1.634425e+03
Rank 10 sample 1 f = 1.770589e+03
Rank 10 sample 2 f = 1.641876e+03
Rank 10 sample 3 f = 2.207071e+03
Rank 10 sample 4 f = 2.173616e+03
Rank 10 sample 5 f = 2.250130e+03
Rank 10 sample 6 f = 1.774657e+03
Rank 10 sample 7 f = 2.032400e+03
Rank 10 sample 8 f = 1.977764e+03
Rank 10 sample 9 f = 1.694446e+03
Rank 10 sample 10 f = 1.806905e+03
Rank 10 local min = 1.641876e+03
Rank 23 sample 1 f = 2.329631e+03
Rank 23 sample 2 f = 1.652837e+03
Rank 23 sample 3 f = 2.725099e+03
Rank 23 sample 4 f = 1.985069e+03
Rank 23 sample 5 f = 1.617483e+03
Rank 23 sample 6 f = 2.157167e+03
Rank 23 sample 7 f = 1.524196e+03
Rank 23 sample 8 f = 1.537546e+03
Rank 23 sample 9 f = 1.639688e+03
Rank 23 sample 10 f = 1.851590e+03
Rank 23 local min = 1.524196e+03
Rank 34 sample 1 f = 1.439173e+03
Rank 34 sample 2 f = 2.274989e+03
Rank 34 sample 3 f = 2.014089e+03
Rank 34 sample 4 f = 2.265947e+03
Rank 34 sample 5 f = 2.322936e+03
Rank 34 sample 6 f = 2.181509e+03
Rank 34 sample 7 f = 1.828929e+03
Rank 34 sample 8 f = 1.628418e+03
Rank 34 sample 9 f = 2.319520e+03
Rank 34 sample 10 f = 1.983656e+03
Rank 34 local min = 1.439173e+03
Rank 19 sample 1 f = 2.080777e+03
Rank 19 sample 2 f = 2.218060e+03
Rank 19 sample 3 f = 1.651569e+03
Rank 19 sample 4 f = 2.158873e+03
Rank 19 sample 5 f = 1.779612e+03
Rank 19 sample 6 f = 2.210551e+03
Rank 19 sample 7 f = 2.274949e+03
Rank 19 sample 8 f = 2.563581e+03
Rank 19 sample 9 f = 1.877633e+03
Rank 19 sample 10 f = 2.132973e+03
Rank 19 local min = 1.651569e+03
Rank 40 sample 1 f = 1.976956e+03
Rank 40 sample 2 f = 2.024905e+03
Rank 40 sample 3 f = 2.085077e+03
Rank 40 sample 4 f = 2.181528e+03
Rank 40 sample 5 f = 2.052925e+03
Rank 40 sample 6 f = 1.388739e+03
Rank 40 sample 7 f = 2.096301e+03
Rank 40 sample 8 f = 1.950679e+03
Rank 40 sample 9 f = 1.760885e+03
Rank 40 sample 10 f = 1.906040e+03
Rank 40 local min = 1.388739e+03
Rank 55 sample 1 f = 2.063658e+03
Rank 55 sample 2 f = 2.306987e+03
Rank 55 sample 3 f = 2.182702e+03
Rank 55 sample 4 f = 2.014170e+03
Rank 55 sample 5 f = 2.144147e+03
Rank 55 sample 6 f = 1.656951e+03
Rank 55 sample 7 f = 2.268723e+03
Rank 55 sample 8 f = 2.533385e+03
Rank 55 sample 9 f = 2.068674e+03
Rank 55 sample 10 f = 2.085092e+03
Rank 55 local min = 1.656951e+03
Rank 16 sample 1 f = 2.050158e+03
Rank 16 sample 2 f = 2.111315e+03
Rank 16 sample 3 f = 2.145501e+03
Rank 16 sample 4 f = 1.589174e+03
Rank 16 sample 5 f = 1.450087e+03
Rank 16 sample 6 f = 1.873216e+03
Rank 16 sample 7 f = 2.427326e+03
Rank 16 sample 8 f = 1.549934e+03
Rank 16 sample 9 f = 2.210268e+03
Rank 16 sample 10 f = 1.907876e+03
Rank 16 local min = 1.450087e+03
Rank 24 sample 1 f = 1.793919e+03
Rank 24 sample 2 f = 1.750320e+03
Rank 24 sample 3 f = 1.924325e+03
Rank 24 sample 4 f = 1.753831e+03
Rank 24 sample 5 f = 1.777982e+03
Rank 24 sample 6 f = 1.855741e+03
Rank 24 sample 7 f = 1.763346e+03
Rank 24 sample 8 f = 2.276535e+03
Rank 24 sample 9 f = 1.693885e+03
Rank 24 sample 10 f = 2.594340e+03
Rank 24 local min = 1.693885e+03
Rank 15 sample 1 f = 1.703338e+03
Rank 15 sample 2 f = 1.857766e+03
Rank 15 sample 3 f = 1.787361e+03
Rank 15 sample 4 f = 1.426160e+03
Rank 15 sample 5 f = 1.845893e+03
Rank 15 sample 6 f = 1.775663e+03
Rank 15 sample 7 f = 1.747229e+03
Rank 15 sample 8 f = 1.889649e+03
Rank 15 sample 9 f = 2.466877e+03
Rank 15 sample 10 f = 2.171681e+03
Rank 15 local min = 1.426160e+03
Rank 61 sample 1 f = 2.193210e+03
Rank 61 sample 2 f = 2.412086e+03
Rank 61 sample 3 f = 1.733533e+03
Rank 61 sample 4 f = 1.827976e+03
Rank 61 sample 5 f = 1.839409e+03
Rank 61 sample 6 f = 1.970827e+03
Rank 61 sample 7 f = 1.828523e+03
Rank 61 sample 8 f = 1.311447e+03
Rank 61 sample 9 f = 1.937639e+03
Rank 61 sample 10 f = 2.059401e+03
Rank 61 local min = 1.311447e+03
Rank 50 sample 1 f = 1.323415e+03
Rank 50 sample 2 f = 2.117832e+03
Rank 50 sample 3 f = 2.384750e+03
Rank 50 sample 4 f = 2.104368e+03
Rank 50 sample 5 f = 1.806987e+03
Rank 50 sample 6 f = 1.938664e+03
Rank 50 sample 7 f = 1.868713e+03
Rank 50 sample 8 f = 2.419209e+03
Rank 50 sample 9 f = 2.225382e+03
Rank 50 sample 10 f = 1.917060e+03
Rank 50 local min = 1.323415e+03
Rank 5 sample 1 f = 1.931746e+03
Rank 5 sample 2 f = 2.108517e+03
Rank 5 sample 3 f = 1.379662e+03
Rank 5 sample 4 f = 1.700002e+03
Rank 5 sample 5 f = 1.962318e+03
Rank 5 sample 6 f = 1.881587e+03
Rank 5 sample 7 f = 2.375067e+03
Rank 5 sample 8 f = 1.685828e+03
Rank 5 sample 9 f = 2.217928e+03
Rank 5 sample 10 f = 2.419835e+03
Rank 5 local min = 1.379662e+03
Rank 37 sample 1 f = 2.354329e+03
Rank 37 sample 2 f = 2.120772e+03
Rank 37 sample 3 f = 2.003030e+03
Rank 37 sample 4 f = 1.793464e+03
Rank 37 sample 5 f = 2.313414e+03
Rank 37 sample 6 f = 2.363524e+03
Rank 37 sample 7 f = 2.356656e+03
Rank 37 sample 8 f = 1.858177e+03
Rank 37 sample 9 f = 2.234314e+03
Rank 37 sample 10 f = 1.714179e+03
Rank 37 local min = 1.714179e+03
Rank 54 sample 1 f = 2.375111e+03
Rank 54 sample 2 f = 1.511806e+03
Rank 54 sample 3 f = 2.384361e+03
Rank 54 sample 4 f = 1.702974e+03
Rank 54 sample 5 f = 1.641662e+03
Rank 54 sample 6 f = 2.025387e+03
Rank 54 sample 7 f = 1.851250e+03
Rank 54 sample 8 f = 2.364424e+03
Rank 54 sample 9 f = 2.106555e+03
Rank 54 sample 10 f = 2.029385e+03
Rank 54 local min = 1.511806e+03
Rank 14 sample 1 f = 1.774311e+03
Rank 14 sample 2 f = 2.412548e+03
Rank 14 sample 3 f = 2.219743e+03
Rank 14 sample 4 f = 1.764291e+03
Rank 14 sample 5 f = 2.006505e+03
Rank 14 sample 6 f = 2.126960e+03
Rank 14 sample 7 f = 1.951810e+03
Rank 14 sample 8 f = 2.147300e+03
Rank 14 sample 9 f = 2.603299e+03
Rank 14 sample 10 f = 2.076873e+03
Rank 14 local min = 1.764291e+03

=== MPI ranks: 128 ===
Rank 42 sample 1 f = 1.808911e+03
Rank 42 sample 2 f = 1.964890e+03
Rank 42 sample 3 f = 1.591206e+03
Rank 42 sample 4 f = 2.137027e+03
Rank 42 sample 5 f = 2.373407e+03
Rank 42 sample 6 f = 1.743288e+03
Rank 42 sample 7 f = 1.946465e+03
Rank 42 sample 8 f = 1.876060e+03
Rank 42 sample 9 f = 1.308455e+03
Rank 42 sample 10 f = 2.170172e+03
Rank 42 local min = 1.308455e+03
Rank 22 sample 1 f = 2.075010e+03
Rank 22 sample 2 f = 1.732136e+03
Rank 22 sample 3 f = 2.155164e+03
Rank 22 sample 4 f = 1.652697e+03
Rank 22 sample 5 f = 1.820328e+03
Rank 22 sample 6 f = 2.072467e+03
Rank 22 sample 7 f = 1.692901e+03
Rank 22 sample 8 f = 1.895329e+03
Rank 22 sample 9 f = 2.658936e+03
Rank 22 sample 10 f = 1.963777e+03
Rank 22 local min = 1.652697e+03
Rank 10 sample 1 f = 2.540844e+03
Rank 10 sample 2 f = 1.836783e+03
Rank 10 sample 3 f = 2.122762e+03
Rank 10 sample 4 f = 1.951225e+03
Rank 10 sample 5 f = 1.815224e+03
Rank 10 sample 6 f = 2.216733e+03
Rank 10 sample 7 f = 1.738709e+03
Rank 10 sample 8 f = 2.376254e+03
Rank 10 sample 9 f = 2.101080e+03
Rank 10 sample 10 f = 2.316088e+03
Rank 10 local min = 1.738709e+03
Rank 20 sample 1 f = 1.793919e+03
Rank 20 sample 2 f = 1.750320e+03
Rank 20 sample 3 f = 1.924325e+03
Rank 20 sample 4 f = 1.753831e+03
Rank 20 sample 5 f = 1.777982e+03
Rank 20 sample 6 f = 1.855741e+03
Rank 20 sample 7 f = 1.763346e+03
Rank 20 sample 8 f = 2.276535e+03
Rank 20 sample 9 f = 1.693885e+03
Rank 20 sample 10 f = 2.594340e+03
Rank 20 local min = 1.693885e+03
Rank 28 sample 1 f = 2.050158e+03
Rank 28 sample 2 f = 2.111315e+03
Rank 28 sample 3 f = 2.145501e+03
Rank 28 sample 4 f = 1.589174e+03
Rank 28 sample 5 f = 1.450087e+03
Rank 28 sample 6 f = 1.873216e+03
Rank 28 sample 7 f = 2.427326e+03
Rank 28 sample 8 f = 1.549934e+03
Rank 28 sample 9 f = 2.210268e+03
Rank 28 sample 10 f = 1.907876e+03
Rank 28 local min = 1.450087e+03
Rank 14 sample 1 f = 2.327268e+03
Rank 14 sample 2 f = 2.304920e+03
Rank 14 sample 3 f = 1.799544e+03
Rank 14 sample 4 f = 1.869707e+03
Rank 14 sample 5 f = 1.673713e+03
Rank 14 sample 6 f = 1.726195e+03
Rank 14 sample 7 f = 2.004158e+03
Rank 14 sample 8 f = 2.390814e+03
Rank 14 sample 9 f = 2.036768e+03
Rank 14 sample 10 f = 1.744447e+03
Rank 14 local min = 1.673713e+03
Rank 12 sample 1 f = 1.593186e+03
Rank 12 sample 2 f = 2.175049e+03
Rank 12 sample 3 f = 2.690321e+03
Rank 12 sample 4 f = 1.307333e+03
Rank 12 sample 5 f = 2.668942e+03
Rank 12 sample 6 f = 1.527667e+03
Rank 12 sample 7 f = 1.740210e+03
Rank 12 sample 8 f = 2.195275e+03
Rank 12 sample 9 f = 1.621181e+03
Rank 12 sample 10 f = 1.777909e+03
Rank 12 local min = 1.307333e+03
Rank 0 sample 1 f = 1.912110e+03
Rank 0 sample 2 f = 2.029565e+03
Rank 0 sample 3 f = 1.751742e+03
Rank 0 sample 4 f = 2.026798e+03
Rank 0 sample 5 f = 1.717367e+03
Rank 0 sample 6 f = 1.812234e+03
Rank 0 sample 7 f = 1.673803e+03
Rank 0 sample 8 f = 1.634425e+03
Rank 0 sample 9 f = 1.706330e+03
Rank 0 sample 10 f = 2.118835e+03
Rank 0 local min = 1.634425e+03
Global min = 1.130629e+03
Total time     = 0.103482 s
Reduction time = 0.003297 s
Rank 23 sample 1 f = 1.381509e+03
Rank 23 sample 2 f = 2.353053e+03
Rank 23 sample 3 f = 1.820524e+03
Rank 23 sample 4 f = 2.317053e+03
Rank 23 sample 5 f = 1.688013e+03
Rank 23 sample 6 f = 1.769152e+03
Rank 23 sample 7 f = 2.218032e+03
Rank 23 sample 8 f = 1.821309e+03
Rank 23 sample 9 f = 2.205310e+03
Rank 23 sample 10 f = 1.347123e+03
Rank 23 local min = 1.347123e+03
Rank 62 sample 1 f = 1.323415e+03
Rank 62 sample 2 f = 2.117832e+03
Rank 62 sample 3 f = 2.384750e+03
Rank 62 sample 4 f = 2.104368e+03
Rank 62 sample 5 f = 1.806987e+03
Rank 62 sample 6 f = 1.938664e+03
Rank 62 sample 7 f = 1.868713e+03
Rank 62 sample 8 f = 2.419209e+03
Rank 62 sample 9 f = 2.225382e+03
Rank 62 sample 10 f = 1.917060e+03
Rank 62 local min = 1.323415e+03
Rank 6 sample 1 f = 1.770589e+03
Rank 6 sample 2 f = 1.641876e+03
Rank 6 sample 3 f = 2.207071e+03
Rank 6 sample 4 f = 2.173616e+03
Rank 6 sample 5 f = 2.250130e+03
Rank 6 sample 6 f = 1.774657e+03
Rank 6 sample 7 f = 2.032400e+03
Rank 6 sample 8 f = 1.977764e+03
Rank 6 sample 9 f = 1.694446e+03
Rank 6 sample 10 f = 1.806905e+03
Rank 6 local min = 1.641876e+03
Rank 26 sample 1 f = 1.884699e+03
Rank 26 sample 2 f = 2.225302e+03
Rank 26 sample 3 f = 2.302164e+03
Rank 26 sample 4 f = 1.350330e+03
Rank 26 sample 5 f = 1.619404e+03
Rank 26 sample 6 f = 1.623292e+03
Rank 26 sample 7 f = 2.746760e+03
Rank 26 sample 8 f = 2.120443e+03
Rank 26 sample 9 f = 1.668528e+03
Rank 26 sample 10 f = 2.449587e+03
Rank 26 local min = 1.350330e+03
Rank 29 sample 1 f = 1.719509e+03
Rank 29 sample 2 f = 2.129221e+03
Rank 29 sample 3 f = 1.539004e+03
Rank 29 sample 4 f = 2.004780e+03
Rank 29 sample 5 f = 2.286088e+03
Rank 29 sample 6 f = 1.557742e+03
Rank 29 sample 7 f = 1.635124e+03
Rank 29 sample 8 f = 2.399434e+03
Rank 29 sample 9 f = 2.444254e+03
Rank 29 sample 10 f = 1.916778e+03
Rank 29 local min = 1.539004e+03
Rank 80 sample 1 f = 1.732804e+03
Rank 80 sample 2 f = 2.282737e+03
Rank 80 sample 3 f = 2.093608e+03
Rank 80 sample 4 f = 2.283297e+03
Rank 80 sample 5 f = 2.711453e+03
Rank 80 sample 6 f = 2.054753e+03
Rank 80 sample 7 f = 2.005656e+03
Rank 80 sample 8 f = 1.955918e+03
Rank 80 sample 9 f = 2.418896e+03
Rank 80 sample 10 f = 1.716722e+03
Rank 80 local min = 1.716722e+03
Rank 36 sample 1 f = 1.976956e+03
Rank 36 sample 2 f = 2.024905e+03
Rank 36 sample 3 f = 2.085077e+03
Rank 36 sample 4 f = 2.181528e+03
Rank 36 sample 5 f = 2.052925e+03
Rank 36 sample 6 f = 1.388739e+03
Rank 36 sample 7 f = 2.096301e+03
Rank 36 sample 8 f = 1.950679e+03
Rank 36 sample 9 f = 1.760885e+03
Rank 36 sample 10 f = 1.906040e+03
Rank 36 local min = 1.388739e+03
Rank 44 sample 1 f = 2.208045e+03
Rank 44 sample 2 f = 1.621539e+03
Rank 44 sample 3 f = 2.000966e+03
Rank 44 sample 4 f = 1.863673e+03
Rank 44 sample 5 f = 1.947877e+03
Rank 44 sample 6 f = 1.925933e+03
Rank 44 sample 7 f = 2.139883e+03
Rank 44 sample 8 f = 2.225817e+03
Rank 44 sample 9 f = 2.161429e+03
Rank 44 sample 10 f = 2.191844e+03
Rank 44 local min = 1.621539e+03
Rank 90 sample 1 f = 1.885311e+03
Rank 90 sample 2 f = 1.997603e+03
Rank 90 sample 3 f = 1.949334e+03
Rank 90 sample 4 f = 2.326580e+03
Rank 90 sample 5 f = 2.150725e+03
Rank 90 sample 6 f = 2.525951e+03
Rank 90 sample 7 f = 1.913863e+03
Rank 90 sample 8 f = 2.408360e+03
Rank 90 sample 9 f = 2.005076e+03
Rank 90 sample 10 f = 2.143422e+03
Rank 90 local min = 1.885311e+03
Rank 56 sample 1 f = 2.111481e+03
Rank 56 sample 2 f = 2.309109e+03
Rank 56 sample 3 f = 1.968762e+03
Rank 56 sample 4 f = 2.219998e+03
Rank 56 sample 5 f = 1.898773e+03
Rank 56 sample 6 f = 1.594739e+03
Rank 56 sample 7 f = 1.898015e+03
Rank 56 sample 8 f = 2.117365e+03
Rank 56 sample 9 f = 2.013540e+03
Rank 56 sample 10 f = 2.187291e+03
Rank 56 local min = 1.594739e+03
Rank 16 sample 1 f = 2.114757e+03
Rank 16 sample 2 f = 2.008918e+03
Rank 16 sample 3 f = 1.700371e+03
Rank 16 sample 4 f = 1.953736e+03
Rank 16 sample 5 f = 1.817241e+03
Rank 16 sample 6 f = 1.819352e+03
Rank 16 sample 7 f = 1.568582e+03
Rank 16 sample 8 f = 1.761724e+03
Rank 16 sample 9 f = 1.901172e+03
Rank 16 sample 10 f = 1.715859e+03
Rank 16 local min = 1.568582e+03
Rank 38 sample 1 f = 2.072590e+03
Rank 38 sample 2 f = 2.044713e+03
Rank 38 sample 3 f = 2.193851e+03
Rank 38 sample 4 f = 2.160292e+03
Rank 38 sample 5 f = 2.118407e+03
Rank 38 sample 6 f = 2.203356e+03
Rank 38 sample 7 f = 2.102321e+03
Rank 38 sample 8 f = 2.017538e+03
Rank 38 sample 9 f = 2.264576e+03
Rank 38 sample 10 f = 2.405365e+03
Rank 38 local min = 2.017538e+03
Rank 24 sample 1 f = 2.101855e+03
Rank 24 sample 2 f = 1.630621e+03
Rank 24 sample 3 f = 2.359682e+03
Rank 24 sample 4 f = 1.805793e+03
Rank 24 sample 5 f = 1.725488e+03
Rank 24 sample 6 f = 2.149172e+03
Rank 24 sample 7 f = 2.634636e+03
Rank 24 sample 8 f = 1.742790e+03
Rank 24 sample 9 f = 2.195481e+03
Rank 24 sample 10 f = 2.501505e+03
Rank 24 local min = 1.630621e+03
Rank 32 sample 1 f = 1.832353e+03
Rank 32 sample 2 f = 2.063731e+03
Rank 32 sample 3 f = 1.979797e+03
Rank 32 sample 4 f = 2.366510e+03
Rank 32 sample 5 f = 1.958340e+03
Rank 32 sample 6 f = 1.879438e+03
Rank 32 sample 7 f = 2.135649e+03
Rank 32 sample 8 f = 2.301493e+03
Rank 32 sample 9 f = 2.059593e+03
Rank 32 sample 10 f = 2.157650e+03
Rank 32 local min = 1.832353e+03
Rank 8 sample 1 f = 2.355942e+03
Rank 8 sample 2 f = 1.737086e+03
Rank 8 sample 3 f = 2.194558e+03
Rank 8 sample 4 f = 2.146595e+03
Rank 8 sample 5 f = 2.019619e+03
Rank 8 sample 6 f = 1.296583e+03
Rank 8 sample 7 f = 2.030354e+03
Rank 8 sample 8 f = 1.974004e+03
Rank 8 sample 9 f = 1.671417e+03
Rank 8 sample 10 f = 1.892005e+03
Rank 8 local min = 1.296583e+03
Rank 58 sample 1 f = 2.375111e+03
Rank 58 sample 2 f = 1.511806e+03
Rank 58 sample 3 f = 2.384361e+03
Rank 58 sample 4 f = 1.702974e+03
Rank 58 sample 5 f = 1.641662e+03
Rank 58 sample 6 f = 2.025387e+03
Rank 58 sample 7 f = 1.851250e+03
Rank 58 sample 8 f = 2.364424e+03
Rank 58 sample 9 f = 2.106555e+03
Rank 58 sample 10 f = 2.029385e+03
Rank 58 local min = 1.511806e+03
Rank 17 sample 1 f = 1.980209e+03
Rank 17 sample 2 f = 2.055541e+03
Rank 17 sample 3 f = 1.567563e+03
Rank 17 sample 4 f = 1.505034e+03
Rank 17 sample 5 f = 1.992002e+03
Rank 17 sample 6 f = 2.016522e+03
Rank 17 sample 7 f = 2.087538e+03
Rank 17 sample 8 f = 2.385350e+03
Rank 17 sample 9 f = 1.941344e+03
Rank 17 sample 10 f = 2.164816e+03
Rank 17 local min = 1.505034e+03
Rank 52 sample 1 f = 1.836938e+03
Rank 52 sample 2 f = 1.689614e+03
Rank 52 sample 3 f = 1.963320e+03
Rank 52 sample 4 f = 2.260219e+03
Rank 52 sample 5 f = 1.434432e+03
Rank 52 sample 6 f = 1.506055e+03
Rank 52 sample 7 f = 2.194305e+03
Rank 52 sample 8 f = 1.969105e+03
Rank 52 sample 9 f = 2.065949e+03
Rank 52 sample 10 f = 1.905821e+03
Rank 52 local min = 1.434432e+03
Rank 94 sample 1 f = 1.885707e+03
Rank 94 sample 2 f = 2.316100e+03
Rank 94 sample 3 f = 2.410000e+03
Rank 94 sample 4 f = 2.031526e+03
Rank 94 sample 5 f = 1.817552e+03
Rank 94 sample 6 f = 2.208703e+03
Rank 94 sample 7 f = 1.640797e+03
Rank 94 sample 8 f = 2.148908e+03
Rank 94 sample 9 f = 2.260661e+03
Rank 94 sample 10 f = 2.296221e+03
Rank 94 local min = 1.640797e+03
Rank 27 sample 1 f = 2.329631e+03
Rank 27 sample 2 f = 1.652837e+03
Rank 27 sample 3 f = 2.725099e+03
Rank 27 sample 4 f = 1.985069e+03
Rank 27 sample 5 f = 1.617483e+03
Rank 27 sample 6 f = 2.157167e+03
Rank 27 sample 7 f = 1.524196e+03
Rank 27 sample 8 f = 1.537546e+03
Rank 27 sample 9 f = 1.639688e+03
Rank 27 sample 10 f = 1.851590e+03
Rank 27 local min = 1.524196e+03
Rank 53 sample 1 f = 2.170750e+03
Rank 53 sample 2 f = 1.714617e+03
Rank 53 sample 3 f = 1.745209e+03
Rank 53 sample 4 f = 2.516271e+03
Rank 53 sample 5 f = 1.915932e+03
Rank 53 sample 6 f = 1.608390e+03
Rank 53 sample 7 f = 1.660717e+03
Rank 53 sample 8 f = 1.983415e+03
Rank 53 sample 9 f = 2.260930e+03
Rank 53 sample 10 f = 1.972451e+03
Rank 53 local min = 1.608390e+03
Rank 54 sample 1 f = 1.793105e+03
Rank 54 sample 2 f = 1.819550e+03
Rank 54 sample 3 f = 1.803746e+03
Rank 54 sample 4 f = 1.684283e+03
Rank 54 sample 5 f = 2.161809e+03
Rank 54 sample 6 f = 2.234510e+03
Rank 54 sample 7 f = 2.491635e+03
Rank 54 sample 8 f = 1.986278e+03
Rank 54 sample 9 f = 1.958163e+03
Rank 54 sample 10 f = 1.877431e+03
Rank 54 local min = 1.684283e+03
Rank 2 sample 1 f = 1.774311e+03
Rank 2 sample 2 f = 2.412548e+03
Rank 2 sample 3 f = 2.219743e+03
Rank 2 sample 4 f = 1.764291e+03
Rank 2 sample 5 f = 2.006505e+03
Rank 2 sample 6 f = 2.126960e+03
Rank 2 sample 7 f = 1.951810e+03
Rank 2 sample 8 f = 2.147300e+03
Rank 2 sample 9 f = 2.603299e+03
Rank 2 sample 10 f = 2.076873e+03
Rank 2 local min = 1.764291e+03
Rank 1 sample 1 f = 2.208997e+03
Rank 1 sample 2 f = 1.805221e+03
Rank 1 sample 3 f = 2.008112e+03
Rank 1 sample 4 f = 2.080305e+03
Rank 1 sample 5 f = 1.835356e+03
Rank 1 sample 6 f = 1.871361e+03
Rank 1 sample 7 f = 2.351993e+03
Rank 1 sample 8 f = 1.510873e+03
Rank 1 sample 9 f = 1.476496e+03
Rank 1 sample 10 f = 2.286769e+03
Rank 1 local min = 1.476496e+03
Rank 5 sample 1 f = 1.685785e+03
Rank 5 sample 2 f = 2.057267e+03
Rank 5 sample 3 f = 2.289741e+03
Rank 5 sample 4 f = 1.733164e+03
Rank 5 sample 5 f = 1.489735e+03
Rank 5 sample 6 f = 1.750075e+03
Rank 5 sample 7 f = 1.808720e+03
Rank 5 sample 8 f = 1.899951e+03
Rank 5 sample 9 f = 2.152053e+03
Rank 5 sample 10 f = 2.121941e+03
Rank 5 local min = 1.489735e+03
Rank 4 sample 1 f = 1.953006e+03
Rank 4 sample 2 f = 2.298079e+03
Rank 4 sample 3 f = 2.171277e+03
Rank 4 sample 4 f = 2.089226e+03
Rank 4 sample 5 f = 1.824829e+03
Rank 4 sample 6 f = 1.878721e+03
Rank 4 sample 7 f = 2.435674e+03
Rank 4 sample 8 f = 1.952460e+03
Rank 4 sample 9 f = 1.978657e+03
Rank 4 sample 10 f = 1.607454e+03
Rank 4 local min = 1.607454e+03
Rank 92 sample 1 f = 2.209759e+03
Rank 92 sample 2 f = 1.876053e+03
Rank 92 sample 3 f = 2.344822e+03
Rank 92 sample 4 f = 2.095450e+03
Rank 92 sample 5 f = 2.004946e+03
Rank 92 sample 6 f = 1.792302e+03
Rank 92 sample 7 f = 1.737244e+03
Rank 92 sample 8 f = 1.736646e+03
Rank 92 sample 9 f = 1.961745e+03
Rank 92 sample 10 f = 1.990258e+03
Rank 92 local min = 1.736646e+03
Rank 46 sample 1 f = 1.439173e+03
Rank 46 sample 2 f = 2.274989e+03
Rank 46 sample 3 f = 2.014089e+03
Rank 46 sample 4 f = 2.265947e+03
Rank 46 sample 5 f = 2.322936e+03
Rank 46 sample 6 f = 2.181509e+03
Rank 46 sample 7 f = 1.828929e+03
Rank 46 sample 8 f = 1.628418e+03
Rank 46 sample 9 f = 2.319520e+03
Rank 46 sample 10 f = 1.983656e+03
Rank 46 local min = 1.439173e+03
Rank 40 sample 1 f = 2.337187e+03
Rank 40 sample 2 f = 2.085896e+03
Rank 40 sample 3 f = 2.023433e+03
Rank 40 sample 4 f = 1.993818e+03
Rank 40 sample 5 f = 2.297429e+03
Rank 40 sample 6 f = 1.693935e+03
Rank 40 sample 7 f = 1.428043e+03
Rank 40 sample 8 f = 1.849991e+03
Rank 40 sample 9 f = 2.289303e+03
Rank 40 sample 10 f = 1.784200e+03
Rank 40 local min = 1.428043e+03
Rank 9 sample 1 f = 1.931746e+03
Rank 9 sample 2 f = 2.108517e+03
Rank 9 sample 3 f = 1.379662e+03
Rank 9 sample 4 f = 1.700002e+03
Rank 9 sample 5 f = 1.962318e+03
Rank 9 sample 6 f = 1.881587e+03
Rank 9 sample 7 f = 2.375067e+03
Rank 9 sample 8 f = 1.685828e+03
Rank 9 sample 9 f = 2.217928e+03
Rank 9 sample 10 f = 2.419835e+03
Rank 9 local min = 1.379662e+03
Rank 60 sample 1 f = 1.995476e+03
Rank 60 sample 2 f = 2.085282e+03
Rank 60 sample 3 f = 2.352235e+03
Rank 60 sample 4 f = 2.292920e+03
Rank 60 sample 5 f = 2.346957e+03
Rank 60 sample 6 f = 1.768295e+03
Rank 60 sample 7 f = 1.604540e+03
Rank 60 sample 8 f = 1.654674e+03
Rank 60 sample 9 f = 2.388885e+03
Rank 60 sample 10 f = 2.297600e+03
Rank 60 local min = 1.604540e+03
Rank 64 sample 1 f = 2.269842e+03
Rank 64 sample 2 f = 1.992189e+03
Rank 64 sample 3 f = 1.957827e+03
Rank 64 sample 4 f = 2.097662e+03
Rank 64 sample 5 f = 2.217290e+03
Rank 64 sample 6 f = 2.551426e+03
Rank 64 sample 7 f = 2.056536e+03
Rank 64 sample 8 f = 2.083609e+03
Rank 64 sample 9 f = 2.121144e+03
Rank 64 sample 10 f = 2.306865e+03
Rank 64 local min = 1.957827e+03
Rank 107 sample 1 f = 2.270897e+03
Rank 107 sample 2 f = 2.138801e+03
Rank 107 sample 3 f = 1.751215e+03
Rank 107 sample 4 f = 2.219904e+03
Rank 107 sample 5 f = 2.184830e+03
Rank 107 sample 6 f = 2.264629e+03
Rank 107 sample 7 f = 1.799956e+03
Rank 107 sample 8 f = 1.599413e+03
Rank 107 sample 9 f = 1.957906e+03
Rank 107 sample 10 f = 2.276020e+03
Rank 107 local min = 1.599413e+03
Rank 13 sample 1 f = 1.934287e+03
Rank 13 sample 2 f = 2.117486e+03
Rank 13 sample 3 f = 2.119838e+03
Rank 13 sample 4 f = 1.958991e+03
Rank 13 sample 5 f = 1.685628e+03
Rank 13 sample 6 f = 1.759212e+03
Rank 13 sample 7 f = 2.014750e+03
Rank 13 sample 8 f = 1.516679e+03
Rank 13 sample 9 f = 2.078145e+03
Rank 13 sample 10 f = 1.666796e+03
Rank 13 local min = 1.516679e+03
Rank 35 sample 1 f = 1.922701e+03
Rank 35 sample 2 f = 1.537040e+03
Rank 35 sample 3 f = 2.195631e+03
Rank 35 sample 4 f = 2.128335e+03
Rank 35 sample 5 f = 1.609157e+03
Rank 35 sample 6 f = 1.679638e+03
Rank 35 sample 7 f = 1.796069e+03
Rank 35 sample 8 f = 2.277765e+03
Rank 35 sample 9 f = 1.973325e+03
Rank 35 sample 10 f = 1.785915e+03
Rank 35 local min = 1.537040e+03
Rank 55 sample 1 f = 2.445434e+03
Rank 55 sample 2 f = 1.761397e+03
Rank 55 sample 3 f = 1.880974e+03
Rank 55 sample 4 f = 2.178747e+03
Rank 55 sample 5 f = 2.070330e+03
Rank 55 sample 6 f = 2.043587e+03
Rank 55 sample 7 f = 1.492091e+03
Rank 55 sample 8 f = 2.049554e+03
Rank 55 sample 9 f = 1.497912e+03
Rank 55 sample 10 f = 1.693733e+03
Rank 55 local min = 1.492091e+03
Rank 11 sample 1 f = 2.274951e+03
Rank 11 sample 2 f = 1.846974e+03
Rank 11 sample 3 f = 2.257808e+03
Rank 11 sample 4 f = 1.971327e+03
Rank 11 sample 5 f = 2.119726e+03
Rank 11 sample 6 f = 1.682811e+03
Rank 11 sample 7 f = 2.229372e+03
Rank 11 sample 8 f = 2.033211e+03
Rank 11 sample 9 f = 2.168787e+03
Rank 11 sample 10 f = 2.161468e+03
Rank 11 local min = 1.682811e+03
Rank 59 sample 1 f = 2.063658e+03
Rank 59 sample 2 f = 2.306987e+03
Rank 59 sample 3 f = 2.182702e+03
Rank 59 sample 4 f = 2.014170e+03
Rank 59 sample 5 f = 2.144147e+03
Rank 59 sample 6 f = 1.656951e+03
Rank 59 sample 7 f = 2.268723e+03
Rank 59 sample 8 f = 2.533385e+03
Rank 59 sample 9 f = 2.068674e+03
Rank 59 sample 10 f = 2.085092e+03
Rank 59 local min = 1.656951e+03
Rank 88 sample 1 f = 2.525456e+03
Rank 88 sample 2 f = 1.968929e+03
Rank 88 sample 3 f = 1.157398e+03
Rank 88 sample 4 f = 1.670281e+03
Rank 88 sample 5 f = 1.358917e+03
Rank 88 sample 6 f = 1.831381e+03
Rank 88 sample 7 f = 1.703270e+03
Rank 88 sample 8 f = 2.136375e+03
Rank 88 sample 9 f = 1.174839e+03
Rank 88 sample 10 f = 1.828003e+03
Rank 88 local min = 1.157398e+03
Rank 97 sample 1 f = 2.251119e+03
Rank 97 sample 2 f = 1.880441e+03
Rank 97 sample 3 f = 2.352853e+03
Rank 97 sample 4 f = 2.153279e+03
Rank 97 sample 5 f = 2.148515e+03
Rank 97 sample 6 f = 2.186038e+03
Rank 97 sample 7 f = 1.980403e+03
Rank 97 sample 8 f = 1.765243e+03
Rank 97 sample 9 f = 1.890092e+03
Rank 97 sample 10 f = 1.650534e+03
Rank 97 local min = 1.650534e+03
Rank 51 sample 1 f = 2.079451e+03
Rank 51 sample 2 f = 2.040892e+03
Rank 51 sample 3 f = 1.683172e+03
Rank 51 sample 4 f = 2.443825e+03
Rank 51 sample 5 f = 1.941478e+03
Rank 51 sample 6 f = 2.044832e+03
Rank 51 sample 7 f = 2.113787e+03
Rank 51 sample 8 f = 1.937844e+03
Rank 51 sample 9 f = 2.045964e+03
Rank 51 sample 10 f = 1.508774e+03
Rank 51 local min = 1.508774e+03
Rank 111 sample 1 f = 2.621369e+03
Rank 111 sample 2 f = 1.606607e+03
Rank 111 sample 3 f = 1.805983e+03
Rank 111 sample 4 f = 2.062176e+03
Rank 111 sample 5 f = 2.149015e+03
Rank 111 sample 6 f = 2.367583e+03
Rank 111 sample 7 f = 1.980004e+03
Rank 111 sample 8 f = 1.789952e+03
Rank 111 sample 9 f = 2.289074e+03
Rank 111 sample 10 f = 1.930439e+03
Rank 111 local min = 1.606607e+03
Rank 7 sample 1 f = 2.092109e+03
Rank 7 sample 2 f = 2.020089e+03
Rank 7 sample 3 f = 2.080034e+03
Rank 7 sample 4 f = 1.926851e+03
Rank 7 sample 5 f = 1.555824e+03
Rank 7 sample 6 f = 1.755611e+03
Rank 7 sample 7 f = 1.697498e+03
Rank 7 sample 8 f = 2.008900e+03
Rank 7 sample 9 f = 2.076999e+03
Rank 7 sample 10 f = 2.106119e+03
Rank 7 local min = 1.555824e+03
Rank 50 sample 1 f = 1.130629e+03
Rank 50 sample 2 f = 1.533039e+03
Rank 50 sample 3 f = 1.859220e+03
Rank 50 sample 4 f = 1.816869e+03
Rank 50 sample 5 f = 1.579840e+03
Rank 50 sample 6 f = 2.397450e+03
Rank 50 sample 7 f = 1.908837e+03
Rank 50 sample 8 f = 2.393348e+03
Rank 50 sample 9 f = 1.740949e+03
Rank 50 sample 10 f = 2.258079e+03
Rank 50 local min = 1.130629e+03
Rank 72 sample 1 f = 1.932839e+03
Rank 72 sample 2 f = 1.416013e+03
Rank 72 sample 3 f = 1.680719e+03
Rank 72 sample 4 f = 2.128593e+03
Rank 72 sample 5 f = 2.413181e+03
Rank 72 sample 6 f = 2.526112e+03
Rank 72 sample 7 f = 1.406649e+03
Rank 72 sample 8 f = 1.782448e+03
Rank 72 sample 9 f = 1.966006e+03
Rank 72 sample 10 f = 1.934510e+03
Rank 72 local min = 1.406649e+03
Rank 63 sample 1 f = 2.101164e+03
Rank 63 sample 2 f = 1.663434e+03
Rank 63 sample 3 f = 2.217759e+03
Rank 63 sample 4 f = 2.444033e+03
Rank 63 sample 5 f = 1.949548e+03
Rank 63 sample 6 f = 2.560990e+03
Rank 63 sample 7 f = 2.018305e+03
Rank 63 sample 8 f = 1.910793e+03
Rank 63 sample 9 f = 1.778169e+03
Rank 63 sample 10 f = 2.170530e+03
Rank 63 local min = 1.663434e+03
Rank 25 sample 1 f = 2.453754e+03
Rank 25 sample 2 f = 2.050438e+03
Rank 25 sample 3 f = 2.482062e+03
Rank 25 sample 4 f = 2.204437e+03
Rank 25 sample 5 f = 1.604916e+03
Rank 25 sample 6 f = 1.821138e+03
Rank 25 sample 7 f = 1.902055e+03
Rank 25 sample 8 f = 2.477521e+03
Rank 25 sample 9 f = 1.775176e+03
Rank 25 sample 10 f = 1.679446e+03
Rank 25 local min = 1.604916e+03
Rank 109 sample 1 f = 2.082600e+03
Rank 109 sample 2 f = 1.985759e+03
Rank 109 sample 3 f = 2.093341e+03
Rank 109 sample 4 f = 2.154780e+03
Rank 109 sample 5 f = 2.073856e+03
Rank 109 sample 6 f = 2.140879e+03
Rank 109 sample 7 f = 1.585371e+03
Rank 109 sample 8 f = 1.867541e+03
Rank 109 sample 9 f = 2.229424e+03
Rank 109 sample 10 f = 1.941210e+03
Rank 109 local min = 1.585371e+03
Rank 82 sample 1 f = 2.378787e+03
Rank 82 sample 2 f = 1.846532e+03
Rank 82 sample 3 f = 2.030605e+03
Rank 82 sample 4 f = 1.537609e+03
Rank 82 sample 5 f = 1.968521e+03
Rank 82 sample 6 f = 2.681213e+03
Rank 82 sample 7 f = 2.341823e+03
Rank 82 sample 8 f = 1.987583e+03
Rank 82 sample 9 f = 1.477013e+03
Rank 82 sample 10 f = 1.912215e+03
Rank 82 local min = 1.477013e+03
Rank 114 sample 1 f = 2.258275e+03
Rank 114 sample 2 f = 1.574089e+03
Rank 114 sample 3 f = 1.919071e+03
Rank 114 sample 4 f = 1.816535e+03
Rank 114 sample 5 f = 1.825836e+03
Rank 114 sample 6 f = 1.813988e+03
Rank 114 sample 7 f = 1.873235e+03
Rank 114 sample 8 f = 1.976927e+03
Rank 114 sample 9 f = 1.957890e+03
Rank 114 sample 10 f = 1.195220e+03
Rank 114 local min = 1.195220e+03
Rank 119 sample 1 f = 2.029179e+03
Rank 119 sample 2 f = 2.354515e+03
Rank 119 sample 3 f = 2.289351e+03
Rank 119 sample 4 f = 1.616746e+03
Rank 119 sample 5 f = 1.770420e+03
Rank 119 sample 6 f = 2.082149e+03
Rank 119 sample 7 f = 1.709650e+03
Rank 119 sample 8 f = 2.244889e+03
Rank 119 sample 9 f = 1.758145e+03
Rank 119 sample 10 f = 1.991189e+03
Rank 119 local min = 1.616746e+03
Rank 96 sample 1 f = 2.054687e+03
Rank 96 sample 2 f = 2.221445e+03
Rank 96 sample 3 f = 2.246390e+03
Rank 96 sample 4 f = 1.887770e+03
Rank 96 sample 5 f = 1.904488e+03
Rank 96 sample 6 f = 1.987633e+03
Rank 96 sample 7 f = 1.960910e+03
Rank 96 sample 8 f = 2.209638e+03
Rank 96 sample 9 f = 2.782668e+03
Rank 96 sample 10 f = 2.194877e+03
Rank 96 local min = 1.887770e+03
Rank 104 sample 1 f = 2.353756e+03
Rank 104 sample 2 f = 1.982768e+03
Rank 104 sample 3 f = 2.141932e+03
Rank 104 sample 4 f = 1.995867e+03
Rank 104 sample 5 f = 2.306508e+03
Rank 104 sample 6 f = 2.425740e+03
Rank 104 sample 7 f = 2.012126e+03
Rank 104 sample 8 f = 2.183796e+03
Rank 104 sample 9 f = 1.661387e+03
Rank 104 sample 10 f = 1.620723e+03
Rank 104 local min = 1.620723e+03
Rank 102 sample 1 f = 2.299153e+03
Rank 102 sample 2 f = 2.530151e+03
Rank 102 sample 3 f = 2.045357e+03
Rank 102 sample 4 f = 2.270284e+03
Rank 102 sample 5 f = 1.901748e+03
Rank 102 sample 6 f = 1.596185e+03
Rank 102 sample 7 f = 1.618921e+03
Rank 102 sample 8 f = 2.083062e+03
Rank 102 sample 9 f = 1.876658e+03
Rank 102 sample 10 f = 1.629580e+03
Rank 102 local min = 1.596185e+03
Rank 48 sample 1 f = 1.927892e+03
Rank 48 sample 2 f = 1.497870e+03
Rank 48 sample 3 f = 2.194672e+03
Rank 48 sample 4 f = 2.010907e+03
Rank 48 sample 5 f = 1.948597e+03
Rank 48 sample 6 f = 1.478940e+03
Rank 48 sample 7 f = 2.117779e+03
Rank 48 sample 8 f = 1.721705e+03
Rank 48 sample 9 f = 2.214623e+03
Rank 48 sample 10 f = 2.166587e+03
Rank 48 local min = 1.478940e+03
Rank 76 sample 1 f = 1.968167e+03
Rank 76 sample 2 f = 1.922944e+03
Rank 76 sample 3 f = 2.412903e+03
Rank 76 sample 4 f = 1.728246e+03
Rank 76 sample 5 f = 2.241028e+03
Rank 76 sample 6 f = 2.049484e+03
Rank 76 sample 7 f = 2.247272e+03
Rank 76 sample 8 f = 2.196302e+03
Rank 76 sample 9 f = 2.183040e+03
Rank 76 sample 10 f = 1.773516e+03
Rank 76 local min = 1.728246e+03
Rank 30 sample 1 f = 2.198600e+03
Rank 30 sample 2 f = 1.806693e+03
Rank 30 sample 3 f = 2.007502e+03
Rank 30 sample 4 f = 2.142428e+03
Rank 30 sample 5 f = 1.980682e+03
Rank 30 sample 6 f = 2.273439e+03
Rank 30 sample 7 f = 1.941741e+03
Rank 30 sample 8 f = 1.577422e+03
Rank 30 sample 9 f = 1.822461e+03
Rank 30 sample 10 f = 1.456666e+03
Rank 30 local min = 1.456666e+03
Rank 39 sample 1 f = 1.787352e+03
Rank 39 sample 2 f = 1.892030e+03
Rank 39 sample 3 f = 1.943403e+03
Rank 39 sample 4 f = 2.347030e+03
Rank 39 sample 5 f = 1.756542e+03
Rank 39 sample 6 f = 2.145911e+03
Rank 39 sample 7 f = 1.995409e+03
Rank 39 sample 8 f = 1.993194e+03
Rank 39 sample 9 f = 1.778209e+03
Rank 39 sample 10 f = 1.948502e+03
Rank 39 local min = 1.756542e+03
Rank 68 sample 1 f = 1.907654e+03
Rank 68 sample 2 f = 1.935077e+03
Rank 68 sample 3 f = 2.361603e+03
Rank 68 sample 4 f = 2.062913e+03
Rank 68 sample 5 f = 2.259676e+03
Rank 68 sample 6 f = 1.905332e+03
Rank 68 sample 7 f = 2.109180e+03
Rank 68 sample 8 f = 1.957163e+03
Rank 68 sample 9 f = 1.846298e+03
Rank 68 sample 10 f = 1.972990e+03
Rank 68 local min = 1.846298e+03
Rank 78 sample 1 f = 1.663041e+03
Rank 78 sample 2 f = 2.049004e+03
Rank 78 sample 3 f = 2.006572e+03
Rank 78 sample 4 f = 2.138800e+03
Rank 78 sample 5 f = 1.707238e+03
Rank 78 sample 6 f = 1.906715e+03
Rank 78 sample 7 f = 1.766705e+03
Rank 78 sample 8 f = 2.176546e+03
Rank 78 sample 9 f = 1.194252e+03
Rank 78 sample 10 f = 2.022256e+03
Rank 78 local min = 1.194252e+03
Rank 74 sample 1 f = 2.215004e+03
Rank 74 sample 2 f = 2.098949e+03
Rank 74 sample 3 f = 1.628058e+03
Rank 74 sample 4 f = 1.734139e+03
Rank 74 sample 5 f = 2.468856e+03
Rank 74 sample 6 f = 2.497235e+03
Rank 74 sample 7 f = 1.658761e+03
Rank 74 sample 8 f = 2.248029e+03
Rank 74 sample 9 f = 1.501212e+03
Rank 74 sample 10 f = 2.147203e+03
Rank 74 local min = 1.501212e+03
Rank 126 sample 1 f = 2.174303e+03
Rank 126 sample 2 f = 1.644802e+03
Rank 126 sample 3 f = 1.957051e+03
Rank 126 sample 4 f = 1.779352e+03
Rank 126 sample 5 f = 2.538152e+03
Rank 126 sample 6 f = 2.118700e+03
Rank 126 sample 7 f = 1.983082e+03
Rank 126 sample 8 f = 1.770951e+03
Rank 126 sample 9 f = 2.202276e+03
Rank 126 sample 10 f = 2.114251e+03
Rank 126 local min = 1.644802e+03
Rank 33 sample 1 f = 2.078040e+03
Rank 33 sample 2 f = 1.877582e+03
Rank 33 sample 3 f = 2.244734e+03
Rank 33 sample 4 f = 1.550391e+03
Rank 33 sample 5 f = 1.880650e+03
Rank 33 sample 6 f = 1.453772e+03
Rank 33 sample 7 f = 1.767140e+03
Rank 33 sample 8 f = 1.760843e+03
Rank 33 sample 9 f = 2.258139e+03
Rank 33 sample 10 f = 2.137931e+03
Rank 33 local min = 1.453772e+03
Rank 120 sample 1 f = 2.244023e+03
Rank 120 sample 2 f = 1.953048e+03
Rank 120 sample 3 f = 2.313249e+03
Rank 120 sample 4 f = 2.056955e+03
Rank 120 sample 5 f = 2.170388e+03
Rank 120 sample 6 f = 2.107299e+03
Rank 120 sample 7 f = 1.806874e+03
Rank 120 sample 8 f = 2.252505e+03
Rank 120 sample 9 f = 1.791228e+03
Rank 120 sample 10 f = 1.684404e+03
Rank 120 local min = 1.684404e+03
Rank 116 sample 1 f = 1.830384e+03
Rank 116 sample 2 f = 1.959706e+03
Rank 116 sample 3 f = 2.098240e+03
Rank 116 sample 4 f = 2.456047e+03
Rank 116 sample 5 f = 2.174517e+03
Rank 116 sample 6 f = 2.600960e+03
Rank 116 sample 7 f = 1.913049e+03
Rank 116 sample 8 f = 1.368122e+03
Rank 116 sample 9 f = 2.205155e+03
Rank 116 sample 10 f = 1.960093e+03
Rank 116 local min = 1.368122e+03
Rank 19 sample 1 f = 1.911477e+03
Rank 19 sample 2 f = 2.472130e+03
Rank 19 sample 3 f = 2.010391e+03
Rank 19 sample 4 f = 1.493374e+03
Rank 19 sample 5 f = 2.199705e+03
Rank 19 sample 6 f = 2.147838e+03
Rank 19 sample 7 f = 2.269500e+03
Rank 19 sample 8 f = 2.250967e+03
Rank 19 sample 9 f = 2.135942e+03
Rank 19 sample 10 f = 2.022910e+03
Rank 19 local min = 1.493374e+03
Rank 21 sample 1 f = 2.018090e+03
Rank 21 sample 2 f = 2.170865e+03
Rank 21 sample 3 f = 1.623393e+03
Rank 21 sample 4 f = 2.641757e+03
Rank 21 sample 5 f = 1.272394e+03
Rank 21 sample 6 f = 2.279631e+03
Rank 21 sample 7 f = 2.196726e+03
Rank 21 sample 8 f = 2.017907e+03
Rank 21 sample 9 f = 1.949368e+03
Rank 21 sample 10 f = 2.526211e+03
Rank 21 local min = 1.272394e+03
Rank 100 sample 1 f = 1.697872e+03
Rank 100 sample 2 f = 2.287577e+03
Rank 100 sample 3 f = 2.336632e+03
Rank 100 sample 4 f = 2.333479e+03
Rank 100 sample 5 f = 2.160871e+03
Rank 100 sample 6 f = 2.514222e+03
Rank 100 sample 7 f = 1.923814e+03
Rank 100 sample 8 f = 2.286183e+03
Rank 100 sample 9 f = 2.268282e+03
Rank 100 sample 10 f = 2.194525e+03
Rank 100 local min = 1.697872e+03
Rank 124 sample 1 f = 2.370322e+03
Rank 124 sample 2 f = 1.836320e+03
Rank 124 sample 3 f = 1.478172e+03
Rank 124 sample 4 f = 2.080608e+03
Rank 124 sample 5 f = 1.669619e+03
Rank 124 sample 6 f = 1.577691e+03
Rank 124 sample 7 f = 1.956117e+03
Rank 124 sample 8 f = 2.418481e+03
Rank 124 sample 9 f = 2.062488e+03
Rank 124 sample 10 f = 2.363041e+03
Rank 124 local min = 1.478172e+03
Rank 34 sample 1 f = 1.982774e+03
Rank 34 sample 2 f = 2.024952e+03
Rank 34 sample 3 f = 1.835977e+03
Rank 34 sample 4 f = 2.574524e+03
Rank 34 sample 5 f = 1.999161e+03
Rank 34 sample 6 f = 2.129403e+03
Rank 34 sample 7 f = 2.414223e+03
Rank 34 sample 8 f = 1.528270e+03
Rank 34 sample 9 f = 2.626221e+03
Rank 34 sample 10 f = 1.949283e+03
Rank 34 local min = 1.528270e+03
Rank 45 sample 1 f = 2.222307e+03
Rank 45 sample 2 f = 2.072923e+03
Rank 45 sample 3 f = 2.264574e+03
Rank 45 sample 4 f = 1.925284e+03
Rank 45 sample 5 f = 1.439153e+03
Rank 45 sample 6 f = 1.991006e+03
Rank 45 sample 7 f = 2.207198e+03
Rank 45 sample 8 f = 2.407506e+03
Rank 45 sample 9 f = 1.992613e+03
Rank 45 sample 10 f = 1.863207e+03
Rank 45 local min = 1.439153e+03
Rank 73 sample 1 f = 1.946897e+03
Rank 73 sample 2 f = 2.341938e+03
Rank 73 sample 3 f = 1.278228e+03
Rank 73 sample 4 f = 1.973204e+03
Rank 73 sample 5 f = 2.412054e+03
Rank 73 sample 6 f = 2.366012e+03
Rank 73 sample 7 f = 2.709452e+03
Rank 73 sample 8 f = 1.637191e+03
Rank 73 sample 9 f = 2.091336e+03
Rank 73 sample 10 f = 1.773682e+03
Rank 73 local min = 1.278228e+03
Rank 75 sample 1 f = 2.612059e+03
Rank 75 sample 2 f = 1.851019e+03
Rank 75 sample 3 f = 1.737865e+03
Rank 75 sample 4 f = 2.306219e+03
Rank 75 sample 5 f = 2.378579e+03
Rank 75 sample 6 f = 1.866387e+03
Rank 75 sample 7 f = 1.562783e+03
Rank 75 sample 8 f = 2.382055e+03
Rank 75 sample 9 f = 2.043760e+03
Rank 75 sample 10 f = 2.250831e+03
Rank 75 local min = 1.562783e+03
Rank 123 sample 1 f = 1.709518e+03
Rank 123 sample 2 f = 1.890667e+03
Rank 123 sample 3 f = 1.691371e+03
Rank 123 sample 4 f = 1.658365e+03
Rank 123 sample 5 f = 1.783786e+03
Rank 123 sample 6 f = 1.809337e+03
Rank 123 sample 7 f = 1.956341e+03
Rank 123 sample 8 f = 1.940361e+03
Rank 123 sample 9 f = 1.660114e+03
Rank 123 sample 10 f = 1.889051e+03
Rank 123 local min = 1.658365e+03
Rank 18 sample 1 f = 2.174510e+03
Rank 18 sample 2 f = 2.209735e+03
Rank 18 sample 3 f = 1.721987e+03
Rank 18 sample 4 f = 1.927832e+03
Rank 18 sample 5 f = 2.187841e+03
Rank 18 sample 6 f = 1.889073e+03
Rank 18 sample 7 f = 1.323932e+03
Rank 18 sample 8 f = 1.456433e+03
Rank 18 sample 9 f = 2.301674e+03
Rank 18 sample 10 f = 1.711210e+03
Rank 18 local min = 1.323932e+03
Rank 57 sample 1 f = 2.259960e+03
Rank 57 sample 2 f = 1.944659e+03
Rank 57 sample 3 f = 2.092318e+03
Rank 57 sample 4 f = 2.108059e+03
Rank 57 sample 5 f = 1.803674e+03
Rank 57 sample 6 f = 2.280941e+03
Rank 57 sample 7 f = 2.152361e+03
Rank 57 sample 8 f = 1.848563e+03
Rank 57 sample 9 f = 1.854603e+03
Rank 57 sample 10 f = 1.601922e+03
Rank 57 local min = 1.601922e+03
Rank 84 sample 1 f = 1.836341e+03
Rank 84 sample 2 f = 1.585568e+03
Rank 84 sample 3 f = 1.612852e+03
Rank 84 sample 4 f = 1.448307e+03
Rank 84 sample 5 f = 2.083225e+03
Rank 84 sample 6 f = 1.543156e+03
Rank 84 sample 7 f = 1.778847e+03
Rank 84 sample 8 f = 1.756291e+03
Rank 84 sample 9 f = 2.460463e+03
Rank 84 sample 10 f = 1.701667e+03
Rank 84 local min = 1.448307e+03
Rank 37 sample 1 f = 1.609972e+03
Rank 37 sample 2 f = 2.415495e+03
Rank 37 sample 3 f = 1.941882e+03
Rank 37 sample 4 f = 2.376663e+03
Rank 37 sample 5 f = 1.773697e+03
Rank 37 sample 6 f = 2.049334e+03
Rank 37 sample 7 f = 1.884063e+03
Rank 37 sample 8 f = 1.963467e+03
Rank 37 sample 9 f = 1.386004e+03
Rank 37 sample 10 f = 1.938713e+03
Rank 37 local min = 1.386004e+03
Rank 41 sample 1 f = 2.354329e+03
Rank 41 sample 2 f = 2.120772e+03
Rank 41 sample 3 f = 2.003030e+03
Rank 41 sample 4 f = 1.793464e+03
Rank 41 sample 5 f = 2.313414e+03
Rank 41 sample 6 f = 2.363524e+03
Rank 41 sample 7 f = 2.356656e+03
Rank 41 sample 8 f = 1.858177e+03
Rank 41 sample 9 f = 2.234314e+03
Rank 41 sample 10 f = 1.714179e+03
Rank 41 local min = 1.714179e+03
Rank 112 sample 1 f = 2.197243e+03
Rank 112 sample 2 f = 1.354832e+03
Rank 112 sample 3 f = 1.654785e+03
Rank 112 sample 4 f = 2.410452e+03
Rank 112 sample 5 f = 2.278519e+03
Rank 112 sample 6 f = 2.380246e+03
Rank 112 sample 7 f = 2.254322e+03
Rank 112 sample 8 f = 1.852413e+03
Rank 112 sample 9 f = 1.537223e+03
Rank 112 sample 10 f = 2.147516e+03
Rank 112 local min = 1.354832e+03
Rank 81 sample 1 f = 2.341476e+03
Rank 81 sample 2 f = 2.309528e+03
Rank 81 sample 3 f = 2.578057e+03
Rank 81 sample 4 f = 1.667237e+03
Rank 81 sample 5 f = 2.050065e+03
Rank 81 sample 6 f = 1.489034e+03
Rank 81 sample 7 f = 1.645438e+03
Rank 81 sample 8 f = 2.015275e+03
Rank 81 sample 9 f = 1.556906e+03
Rank 81 sample 10 f = 1.929640e+03
Rank 81 local min = 1.489034e+03
Rank 91 sample 1 f = 2.502154e+03
Rank 91 sample 2 f = 2.115282e+03
Rank 91 sample 3 f = 1.895864e+03
Rank 91 sample 4 f = 1.355303e+03
Rank 91 sample 5 f = 2.050074e+03
Rank 91 sample 6 f = 2.305301e+03
Rank 91 sample 7 f = 2.663689e+03
Rank 91 sample 8 f = 2.358441e+03
Rank 91 sample 9 f = 2.414495e+03
Rank 91 sample 10 f = 1.911371e+03
Rank 91 local min = 1.355303e+03
Rank 86 sample 1 f = 1.988316e+03
Rank 86 sample 2 f = 2.142300e+03
Rank 86 sample 3 f = 1.704896e+03
Rank 86 sample 4 f = 2.708349e+03
Rank 86 sample 5 f = 2.170828e+03
Rank 86 sample 6 f = 2.400111e+03
Rank 86 sample 7 f = 2.693663e+03
Rank 86 sample 8 f = 1.998550e+03
Rank 86 sample 9 f = 1.964073e+03
Rank 86 sample 10 f = 2.263647e+03
Rank 86 local min = 1.704896e+03
Rank 47 sample 1 f = 2.289603e+03
Rank 47 sample 2 f = 1.812349e+03
Rank 47 sample 3 f = 2.318083e+03
Rank 47 sample 4 f = 1.952459e+03
Rank 47 sample 5 f = 2.264692e+03
Rank 47 sample 6 f = 1.775569e+03
Rank 47 sample 7 f = 2.033502e+03
Rank 47 sample 8 f = 2.335047e+03
Rank 47 sample 9 f = 2.040705e+03
Rank 47 sample 10 f = 2.154051e+03
Rank 47 local min = 1.775569e+03
Rank 61 sample 1 f = 1.699307e+03
Rank 61 sample 2 f = 2.391872e+03
Rank 61 sample 3 f = 2.473475e+03
Rank 61 sample 4 f = 1.699756e+03
Rank 61 sample 5 f = 1.574426e+03
Rank 61 sample 6 f = 2.168636e+03
Rank 61 sample 7 f = 2.203694e+03
Rank 61 sample 8 f = 2.269310e+03
Rank 61 sample 9 f = 1.694410e+03
Rank 61 sample 10 f = 2.511832e+03
Rank 61 local min = 1.574426e+03
Rank 49 sample 1 f = 2.193210e+03
Rank 49 sample 2 f = 2.412086e+03
Rank 49 sample 3 f = 1.733533e+03
Rank 49 sample 4 f = 1.827976e+03
Rank 49 sample 5 f = 1.839409e+03
Rank 49 sample 6 f = 1.970827e+03
Rank 49 sample 7 f = 1.828523e+03
Rank 49 sample 8 f = 1.311447e+03
Rank 49 sample 9 f = 1.937639e+03
Rank 49 sample 10 f = 2.059401e+03
Rank 49 local min = 1.311447e+03
Rank 71 sample 1 f = 2.094096e+03
Rank 71 sample 2 f = 1.636238e+03
Rank 71 sample 3 f = 1.498486e+03
Rank 71 sample 4 f = 2.236586e+03
Rank 71 sample 5 f = 2.366352e+03
Rank 71 sample 6 f = 2.022214e+03
Rank 71 sample 7 f = 2.161200e+03
Rank 71 sample 8 f = 1.736962e+03
Rank 71 sample 9 f = 2.028283e+03
Rank 71 sample 10 f = 2.330695e+03
Rank 71 local min = 1.498486e+03
Rank 85 sample 1 f = 1.692688e+03
Rank 85 sample 2 f = 2.501155e+03
Rank 85 sample 3 f = 1.356965e+03
Rank 85 sample 4 f = 1.806150e+03
Rank 85 sample 5 f = 2.063075e+03
Rank 85 sample 6 f = 2.125252e+03
Rank 85 sample 7 f = 1.390759e+03
Rank 85 sample 8 f = 2.243306e+03
Rank 85 sample 9 f = 2.234830e+03
Rank 85 sample 10 f = 2.269972e+03
Rank 85 local min = 1.356965e+03
Rank 95 sample 1 f = 2.276500e+03
Rank 95 sample 2 f = 2.188302e+03
Rank 95 sample 3 f = 2.167573e+03
Rank 95 sample 4 f = 2.153555e+03
Rank 95 sample 5 f = 2.102729e+03
Rank 95 sample 6 f = 1.651081e+03
Rank 95 sample 7 f = 2.245869e+03
Rank 95 sample 8 f = 2.111038e+03
Rank 95 sample 9 f = 2.148913e+03
Rank 95 sample 10 f = 2.098355e+03
Rank 95 local min = 1.651081e+03
Rank 101 sample 1 f = 1.644459e+03
Rank 101 sample 2 f = 1.723279e+03
Rank 101 sample 3 f = 2.195329e+03
Rank 101 sample 4 f = 2.042463e+03
Rank 101 sample 5 f = 1.833154e+03
Rank 101 sample 6 f = 2.013649e+03
Rank 101 sample 7 f = 2.542624e+03
Rank 101 sample 8 f = 1.896035e+03
Rank 101 sample 9 f = 1.992552e+03
Rank 101 sample 10 f = 2.483972e+03
Rank 101 local min = 1.644459e+03
Rank 117 sample 1 f = 1.807369e+03
Rank 117 sample 2 f = 2.060527e+03
Rank 117 sample 3 f = 2.294367e+03
Rank 117 sample 4 f = 2.232153e+03
Rank 117 sample 5 f = 2.221174e+03
Rank 117 sample 6 f = 1.907878e+03
Rank 117 sample 7 f = 2.148239e+03
Rank 117 sample 8 f = 2.300025e+03
Rank 117 sample 9 f = 1.609289e+03
Rank 117 sample 10 f = 1.459011e+03
Rank 117 local min = 1.459011e+03
Rank 125 sample 1 f = 1.812197e+03
Rank 125 sample 2 f = 1.982653e+03
Rank 125 sample 3 f = 1.742491e+03
Rank 125 sample 4 f = 2.283003e+03
Rank 125 sample 5 f = 2.244477e+03
Rank 125 sample 6 f = 1.959882e+03
Rank 125 sample 7 f = 2.097740e+03
Rank 125 sample 8 f = 2.113790e+03
Rank 125 sample 9 f = 1.935745e+03
Rank 125 sample 10 f = 1.606502e+03
Rank 125 local min = 1.606502e+03
Rank 113 sample 1 f = 2.159842e+03
Rank 113 sample 2 f = 2.229171e+03
Rank 113 sample 3 f = 2.086445e+03
Rank 113 sample 4 f = 2.076393e+03
Rank 113 sample 5 f = 1.834843e+03
Rank 113 sample 6 f = 2.206574e+03
Rank 113 sample 7 f = 1.871851e+03
Rank 113 sample 8 f = 2.361759e+03
Rank 113 sample 9 f = 1.446919e+03
Rank 113 sample 10 f = 1.898125e+03
Rank 113 local min = 1.446919e+03
Rank 115 sample 1 f = 2.042028e+03
Rank 115 sample 2 f = 1.701883e+03
Rank 115 sample 3 f = 2.251354e+03
Rank 115 sample 4 f = 1.894883e+03
Rank 115 sample 5 f = 2.008005e+03
Rank 115 sample 6 f = 1.882112e+03
Rank 115 sample 7 f = 2.079101e+03
Rank 115 sample 8 f = 2.412075e+03
Rank 115 sample 9 f = 2.615915e+03
Rank 115 sample 10 f = 1.942441e+03
Rank 115 local min = 1.701883e+03
Rank 127 sample 1 f = 1.507498e+03
Rank 127 sample 2 f = 2.346625e+03
Rank 127 sample 3 f = 1.958278e+03
Rank 127 sample 4 f = 2.090008e+03
Rank 127 sample 5 f = 2.682329e+03
Rank 127 sample 6 f = 1.514814e+03
Rank 127 sample 7 f = 1.477457e+03
Rank 127 sample 8 f = 2.050080e+03
Rank 127 sample 9 f = 1.933585e+03
Rank 127 sample 10 f = 2.446002e+03
Rank 127 local min = 1.477457e+03
Rank 15 sample 1 f = 1.898984e+03
Rank 15 sample 2 f = 2.242718e+03
Rank 15 sample 3 f = 2.370646e+03
Rank 15 sample 4 f = 2.180817e+03
Rank 15 sample 5 f = 1.349466e+03
Rank 15 sample 6 f = 1.925441e+03
Rank 15 sample 7 f = 2.070573e+03
Rank 15 sample 8 f = 2.175109e+03
Rank 15 sample 9 f = 1.752427e+03
Rank 15 sample 10 f = 1.332727e+03
Rank 15 local min = 1.332727e+03
Rank 31 sample 1 f = 2.080777e+03
Rank 31 sample 2 f = 2.218060e+03
Rank 31 sample 3 f = 1.651569e+03
Rank 31 sample 4 f = 2.158873e+03
Rank 31 sample 5 f = 1.779612e+03
Rank 31 sample 6 f = 2.210551e+03
Rank 31 sample 7 f = 2.274949e+03
Rank 31 sample 8 f = 2.563581e+03
Rank 31 sample 9 f = 1.877633e+03
Rank 31 sample 10 f = 2.132973e+03
Rank 31 local min = 1.651569e+03
Rank 66 sample 1 f = 2.269021e+03
Rank 66 sample 2 f = 2.066000e+03
Rank 66 sample 3 f = 1.699922e+03
Rank 66 sample 4 f = 1.894744e+03
Rank 66 sample 5 f = 2.005185e+03
Rank 66 sample 6 f = 2.399363e+03
Rank 66 sample 7 f = 2.137586e+03
Rank 66 sample 8 f = 2.502011e+03
Rank 66 sample 9 f = 1.806435e+03
Rank 66 sample 10 f = 2.139927e+03
Rank 66 local min = 1.699922e+03
Rank 70 sample 1 f = 2.128773e+03
Rank 70 sample 2 f = 1.743751e+03
Rank 70 sample 3 f = 1.741236e+03
Rank 70 sample 4 f = 1.815811e+03
Rank 70 sample 5 f = 1.949712e+03
Rank 70 sample 6 f = 2.456676e+03
Rank 70 sample 7 f = 1.496821e+03
Rank 70 sample 8 f = 2.207900e+03
Rank 70 sample 9 f = 2.374155e+03
Rank 70 sample 10 f = 2.151117e+03
Rank 70 local min = 1.496821e+03
Rank 3 sample 1 f = 1.703338e+03
Rank 3 sample 2 f = 1.857766e+03
Rank 3 sample 3 f = 1.787361e+03
Rank 3 sample 4 f = 1.426160e+03
Rank 3 sample 5 f = 1.845893e+03
Rank 3 sample 6 f = 1.775663e+03
Rank 3 sample 7 f = 1.747229e+03
Rank 3 sample 8 f = 1.889649e+03
Rank 3 sample 9 f = 2.466877e+03
Rank 3 sample 10 f = 2.171681e+03
Rank 3 local min = 1.426160e+03
Rank 43 sample 1 f = 2.380774e+03
Rank 43 sample 2 f = 1.678906e+03
Rank 43 sample 3 f = 1.917803e+03
Rank 43 sample 4 f = 1.851682e+03
Rank 43 sample 5 f = 1.491605e+03
Rank 43 sample 6 f = 2.110002e+03
Rank 43 sample 7 f = 1.783245e+03
Rank 43 sample 8 f = 1.991781e+03
Rank 43 sample 9 f = 1.304724e+03
Rank 43 sample 10 f = 1.695717e+03
Rank 43 local min = 1.304724e+03
Rank 98 sample 1 f = 1.841793e+03
Rank 98 sample 2 f = 1.895690e+03
Rank 98 sample 3 f = 2.023831e+03
Rank 98 sample 4 f = 1.502860e+03
Rank 98 sample 5 f = 2.292609e+03
Rank 98 sample 6 f = 1.763422e+03
Rank 98 sample 7 f = 1.866656e+03
Rank 98 sample 8 f = 2.688832e+03
Rank 98 sample 9 f = 1.706596e+03
Rank 98 sample 10 f = 1.496436e+03
Rank 98 local min = 1.496436e+03
Rank 105 sample 1 f = 1.921213e+03
Rank 105 sample 2 f = 2.133037e+03
Rank 105 sample 3 f = 2.397131e+03
Rank 105 sample 4 f = 2.020166e+03
Rank 105 sample 5 f = 2.220217e+03
Rank 105 sample 6 f = 2.038919e+03
Rank 105 sample 7 f = 1.681069e+03
Rank 105 sample 8 f = 2.093593e+03
Rank 105 sample 9 f = 1.635742e+03
Rank 105 sample 10 f = 1.974079e+03
Rank 105 local min = 1.635742e+03
Rank 118 sample 1 f = 1.837369e+03
Rank 118 sample 2 f = 1.948352e+03
Rank 118 sample 3 f = 2.023812e+03
Rank 118 sample 4 f = 2.765519e+03
Rank 118 sample 5 f = 2.025664e+03
Rank 118 sample 6 f = 1.889335e+03
Rank 118 sample 7 f = 1.995252e+03
Rank 118 sample 8 f = 1.896189e+03
Rank 118 sample 9 f = 2.108623e+03
Rank 118 sample 10 f = 2.203624e+03
Rank 118 local min = 1.837369e+03
Rank 121 sample 1 f = 2.393212e+03
Rank 121 sample 2 f = 2.159831e+03
Rank 121 sample 3 f = 1.451461e+03
Rank 121 sample 4 f = 2.371537e+03
Rank 121 sample 5 f = 1.835455e+03
Rank 121 sample 6 f = 1.846399e+03
Rank 121 sample 7 f = 2.022421e+03
Rank 121 sample 8 f = 1.651380e+03
Rank 121 sample 9 f = 2.549775e+03
Rank 121 sample 10 f = 1.641856e+03
Rank 121 local min = 1.451461e+03
Rank 122 sample 1 f = 2.399334e+03
Rank 122 sample 2 f = 1.935567e+03
Rank 122 sample 3 f = 1.276696e+03
Rank 122 sample 4 f = 2.726887e+03
Rank 122 sample 5 f = 1.842726e+03
Rank 122 sample 6 f = 2.055387e+03
Rank 122 sample 7 f = 1.990260e+03
Rank 122 sample 8 f = 1.786693e+03
Rank 122 sample 9 f = 2.582546e+03
Rank 122 sample 10 f = 2.297120e+03
Rank 122 local min = 1.276696e+03
Rank 65 sample 1 f = 2.103619e+03
Rank 65 sample 2 f = 1.569598e+03
Rank 65 sample 3 f = 2.008708e+03
Rank 65 sample 4 f = 1.890922e+03
Rank 65 sample 5 f = 2.138410e+03
Rank 65 sample 6 f = 2.517238e+03
Rank 65 sample 7 f = 1.823714e+03
Rank 65 sample 8 f = 2.039860e+03
Rank 65 sample 9 f = 2.211911e+03
Rank 65 sample 10 f = 1.583434e+03
Rank 65 local min = 1.569598e+03
Rank 67 sample 1 f = 1.449366e+03
Rank 67 sample 2 f = 1.615201e+03
Rank 67 sample 3 f = 1.814836e+03
Rank 67 sample 4 f = 1.940994e+03
Rank 67 sample 5 f = 2.145591e+03
Rank 67 sample 6 f = 2.477395e+03
Rank 67 sample 7 f = 1.474905e+03
Rank 67 sample 8 f = 1.212158e+03
Rank 67 sample 9 f = 2.169357e+03
Rank 67 sample 10 f = 1.695890e+03
Rank 67 local min = 1.212158e+03
Rank 69 sample 1 f = 1.750593e+03
Rank 69 sample 2 f = 1.821147e+03
Rank 69 sample 3 f = 2.326358e+03
Rank 69 sample 4 f = 1.925453e+03
Rank 69 sample 5 f = 2.670160e+03
Rank 69 sample 6 f = 2.225262e+03
Rank 69 sample 7 f = 2.025563e+03
Rank 69 sample 8 f = 1.664342e+03
Rank 69 sample 9 f = 1.670153e+03
Rank 69 sample 10 f = 2.274403e+03
Rank 69 local min = 1.664342e+03
Rank 77 sample 1 f = 2.014164e+03
Rank 77 sample 2 f = 2.388356e+03
Rank 77 sample 3 f = 1.989153e+03
Rank 77 sample 4 f = 1.932637e+03
Rank 77 sample 5 f = 2.468303e+03
Rank 77 sample 6 f = 2.250877e+03
Rank 77 sample 7 f = 1.991053e+03
Rank 77 sample 8 f = 1.706158e+03
Rank 77 sample 9 f = 2.427050e+03
Rank 77 sample 10 f = 1.607800e+03
Rank 77 local min = 1.607800e+03
Rank 79 sample 1 f = 1.965533e+03
Rank 79 sample 2 f = 2.166285e+03
Rank 79 sample 3 f = 1.594348e+03
Rank 79 sample 4 f = 2.125237e+03
Rank 79 sample 5 f = 2.479955e+03
Rank 79 sample 6 f = 1.995076e+03
Rank 79 sample 7 f = 2.331016e+03
Rank 79 sample 8 f = 1.929608e+03
Rank 79 sample 9 f = 1.743406e+03
Rank 79 sample 10 f = 2.000371e+03
Rank 79 local min = 1.594348e+03
Rank 99 sample 1 f = 2.403041e+03
Rank 99 sample 2 f = 2.125367e+03
Rank 99 sample 3 f = 2.079933e+03
Rank 99 sample 4 f = 2.776801e+03
Rank 99 sample 5 f = 1.813058e+03
Rank 99 sample 6 f = 1.736600e+03
Rank 99 sample 7 f = 2.088444e+03
Rank 99 sample 8 f = 1.926277e+03
Rank 99 sample 9 f = 1.638548e+03
Rank 99 sample 10 f = 2.315554e+03
Rank 99 local min = 1.638548e+03
Rank 103 sample 1 f = 2.136064e+03
Rank 103 sample 2 f = 1.712787e+03
Rank 103 sample 3 f = 1.578947e+03
Rank 103 sample 4 f = 2.166954e+03
Rank 103 sample 5 f = 1.881840e+03
Rank 103 sample 6 f = 2.059218e+03
Rank 103 sample 7 f = 2.239399e+03
Rank 103 sample 8 f = 1.877183e+03
Rank 103 sample 9 f = 1.743703e+03
Rank 103 sample 10 f = 1.906573e+03
Rank 103 local min = 1.578947e+03
Rank 106 sample 1 f = 2.164932e+03
Rank 106 sample 2 f = 1.979045e+03
Rank 106 sample 3 f = 1.377778e+03
Rank 106 sample 4 f = 1.681265e+03
Rank 106 sample 5 f = 2.154986e+03
Rank 106 sample 6 f = 1.681545e+03
Rank 106 sample 7 f = 2.410918e+03
Rank 106 sample 8 f = 1.514620e+03
Rank 106 sample 9 f = 2.142474e+03
Rank 106 sample 10 f = 1.979065e+03
Rank 106 local min = 1.377778e+03
Rank 108 sample 1 f = 1.827911e+03
Rank 108 sample 2 f = 1.628602e+03
Rank 108 sample 3 f = 1.592032e+03
Rank 108 sample 4 f = 1.885782e+03
Rank 108 sample 5 f = 1.789713e+03
Rank 108 sample 6 f = 2.108026e+03
Rank 108 sample 7 f = 2.636226e+03
Rank 108 sample 8 f = 1.940465e+03
Rank 108 sample 9 f = 1.775633e+03
Rank 108 sample 10 f = 2.200094e+03
Rank 108 local min = 1.592032e+03
Rank 110 sample 1 f = 1.576324e+03
Rank 110 sample 2 f = 2.443072e+03
Rank 110 sample 3 f = 1.467208e+03
Rank 110 sample 4 f = 2.091533e+03
Rank 110 sample 5 f = 2.160669e+03
Rank 110 sample 6 f = 1.495168e+03
Rank 110 sample 7 f = 2.238555e+03
Rank 110 sample 8 f = 2.245763e+03
Rank 110 sample 9 f = 1.723069e+03
Rank 110 sample 10 f = 1.985358e+03
Rank 110 local min = 1.467208e+03
Rank 83 sample 1 f = 1.731578e+03
Rank 83 sample 2 f = 2.678660e+03
Rank 83 sample 3 f = 2.068040e+03
Rank 83 sample 4 f = 1.954012e+03
Rank 83 sample 5 f = 2.193764e+03
Rank 83 sample 6 f = 2.204106e+03
Rank 83 sample 7 f = 1.749007e+03
Rank 83 sample 8 f = 1.840085e+03
Rank 83 sample 9 f = 2.213454e+03
Rank 83 sample 10 f = 2.448178e+03
Rank 83 local min = 1.731578e+03
Rank 87 sample 1 f = 1.384628e+03
Rank 87 sample 2 f = 1.891905e+03
Rank 87 sample 3 f = 1.887980e+03
Rank 87 sample 4 f = 1.300795e+03
Rank 87 sample 5 f = 2.419255e+03
Rank 87 sample 6 f = 1.769200e+03
Rank 87 sample 7 f = 1.871862e+03
Rank 87 sample 8 f = 2.417871e+03
Rank 87 sample 9 f = 1.876924e+03
Rank 87 sample 10 f = 2.094646e+03
Rank 87 local min = 1.300795e+03
Rank 89 sample 1 f = 2.381146e+03
Rank 89 sample 2 f = 1.887808e+03
Rank 89 sample 3 f = 2.130210e+03
Rank 89 sample 4 f = 1.571493e+03
Rank 89 sample 5 f = 1.821902e+03
Rank 89 sample 6 f = 2.671163e+03
Rank 89 sample 7 f = 1.797905e+03
Rank 89 sample 8 f = 2.200332e+03
Rank 89 sample 9 f = 1.985987e+03
Rank 89 sample 10 f = 1.961364e+03
Rank 89 local min = 1.571493e+03
Rank 93 sample 1 f = 1.464465e+03
Rank 93 sample 2 f = 2.256880e+03
Rank 93 sample 3 f = 2.014253e+03
Rank 93 sample 4 f = 1.650782e+03
Rank 93 sample 5 f = 2.027313e+03
Rank 93 sample 6 f = 2.147814e+03
Rank 93 sample 7 f = 2.135035e+03
Rank 93 sample 8 f = 1.956377e+03
Rank 93 sample 9 f = 2.049456e+03
Rank 93 sample 10 f = 1.506140e+03
Rank 93 local min = 1.464465e+03

